<?xml version="1.0" encoding="UTF-8"?>
<coverage generated="1772097391325" clover="3.2.0">
  <project timestamp="1772097391325" name="All files">
    <metrics statements="480" coveredstatements="435" conditionals="113" coveredconditionals="92" methods="100" coveredmethods="92" elements="693" coveredelements="619" complexity="0" loc="480" ncloc="480" packages="4" files="10" classes="10"/>
    <package name="src">
      <metrics statements="20" coveredstatements="0" conditionals="0" coveredconditionals="0" methods="2" coveredmethods="0"/>
      <file name="extension.ts" path="C:\Users\kevin\SOFTWARE DEVELOPMENT\Repositories\codetutorV2\code-tutorv-v2\src\extension.ts">
        <metrics statements="20" coveredstatements="0" conditionals="0" coveredconditionals="0" methods="2" coveredmethods="0"/>
        <line num="2" count="0" type="stmt"/>
        <line num="3" count="0" type="stmt"/>
        <line num="4" count="0" type="stmt"/>
        <line num="5" count="0" type="stmt"/>
        <line num="6" count="0" type="stmt"/>
        <line num="7" count="0" type="stmt"/>
        <line num="8" count="0" type="stmt"/>
        <line num="10" count="0" type="stmt"/>
        <line num="11" count="0" type="stmt"/>
        <line num="14" count="0" type="stmt"/>
        <line num="15" count="0" type="stmt"/>
        <line num="16" count="0" type="stmt"/>
        <line num="17" count="0" type="stmt"/>
        <line num="20" count="0" type="stmt"/>
        <line num="21" count="0" type="stmt"/>
        <line num="23" count="0" type="stmt"/>
        <line num="32" count="0" type="stmt"/>
        <line num="34" count="0" type="stmt"/>
        <line num="38" count="0" type="stmt"/>
        <line num="39" count="0" type="stmt"/>
      </file>
    </package>
    <package name="src.accessibility">
      <metrics statements="2" coveredstatements="0" conditionals="0" coveredconditionals="0" methods="1" coveredmethods="0"/>
      <file name="accessibilityHandler.ts" path="C:\Users\kevin\SOFTWARE DEVELOPMENT\Repositories\codetutorV2\code-tutorv-v2\src\accessibility\accessibilityHandler.ts">
        <metrics statements="2" coveredstatements="0" conditionals="0" coveredconditionals="0" methods="1" coveredmethods="0"/>
        <line num="1" count="0" type="stmt"/>
        <line num="7" count="0" type="stmt"/>
      </file>
    </package>
    <package name="src.services">
      <metrics statements="400" coveredstatements="378" conditionals="104" coveredconditionals="84" methods="77" coveredmethods="73"/>
      <file name="AccessibilityHandler.ts" path="C:\Users\kevin\SOFTWARE DEVELOPMENT\Repositories\codetutorV2\code-tutorv-v2\src\services\AccessibilityHandler.ts">
        <metrics statements="92" coveredstatements="90" conditionals="24" coveredconditionals="21" methods="10" coveredmethods="8"/>
        <line num="48" count="1" type="stmt"/>
        <line num="67" count="6" type="stmt"/>
        <line num="68" count="6" type="stmt"/>
        <line num="70" count="6" type="stmt"/>
        <line num="72" count="6" type="stmt"/>
        <line num="73" count="5" type="stmt"/>
        <line num="74" count="5" type="stmt"/>
        <line num="75" count="5" type="stmt"/>
        <line num="78" count="5" type="cond" truecount="1" falsecount="0"/>
        <line num="79" count="2" type="stmt"/>
        <line num="80" count="2" type="stmt"/>
        <line num="81" count="4" type="stmt"/>
        <line num="82" count="4" type="cond" truecount="1" falsecount="0"/>
        <line num="83" count="4" type="stmt"/>
        <line num="89" count="1" type="stmt"/>
        <line num="90" count="1" type="stmt"/>
        <line num="98" count="6" type="stmt"/>
        <line num="100" count="6" type="stmt"/>
        <line num="125" count="21" type="stmt"/>
        <line num="128" count="21" type="stmt"/>
        <line num="129" count="21" type="stmt"/>
        <line num="131" count="20" type="cond" truecount="3" falsecount="0"/>
        <line num="132" count="3" type="stmt"/>
        <line num="140" count="20" type="stmt"/>
        <line num="146" count="20" type="stmt"/>
        <line num="147" count="51" type="cond" truecount="1" falsecount="0"/>
        <line num="148" count="6" type="stmt"/>
        <line num="153" count="6" type="stmt"/>
        <line num="157" count="20" type="stmt"/>
        <line num="176" count="19" type="stmt"/>
        <line num="181" count="19" type="stmt"/>
        <line num="182" count="19" type="stmt"/>
        <line num="183" count="19" type="stmt"/>
        <line num="185" count="19" type="stmt"/>
        <line num="186" count="138" type="stmt"/>
        <line num="187" count="138" type="cond" truecount="1" falsecount="0"/>
        <line num="188" count="28" type="cond" truecount="2" falsecount="0"/>
        <line num="190" count="14" type="stmt"/>
        <line num="191" count="14" type="cond" truecount="1" falsecount="0"/>
        <line num="193" count="8" type="stmt"/>
        <line num="197" count="14" type="stmt"/>
        <line num="202" count="19" type="cond" truecount="1" falsecount="0"/>
        <line num="203" count="7" type="stmt"/>
        <line num="211" count="19" type="stmt"/>
        <line num="213" count="19" type="stmt"/>
        <line num="215" count="19" type="stmt"/>
        <line num="216" count="14" type="stmt"/>
        <line num="217" count="14" type="stmt"/>
        <line num="219" count="14" type="cond" truecount="1" falsecount="0"/>
        <line num="220" count="1" type="stmt"/>
        <line num="224" count="19" type="cond" truecount="1" falsecount="0"/>
        <line num="225" count="1" type="stmt"/>
        <line num="232" count="19" type="stmt"/>
        <line num="252" count="21" type="stmt"/>
        <line num="255" count="21" type="stmt"/>
        <line num="256" count="21" type="stmt"/>
        <line num="258" count="21" type="stmt"/>
        <line num="259" count="95" type="stmt"/>
        <line num="260" count="95" type="stmt"/>
        <line num="261" count="95" type="cond" truecount="1" falsecount="0"/>
        <line num="262" count="28" type="stmt"/>
        <line num="271" count="21" type="cond" truecount="1" falsecount="0"/>
        <line num="272" count="14" type="stmt"/>
        <line num="274" count="14" type="stmt"/>
        <line num="276" count="28" type="cond" truecount="3" falsecount="0"/>
        <line num="277" count="7" type="stmt"/>
        <line num="286" count="28" type="cond" truecount="0" falsecount="1"/>
        <line num="287" count="0" type="stmt"/>
        <line num="295" count="28" type="stmt"/>
        <line num="299" count="21" type="stmt"/>
        <line num="318" count="21" type="stmt"/>
        <line num="321" count="21" type="stmt"/>
        <line num="322" count="21" type="stmt"/>
        <line num="333" count="21" type="stmt"/>
        <line num="335" count="21" type="stmt"/>
        <line num="336" count="13" type="stmt"/>
        <line num="339" count="13" type="cond" truecount="1" falsecount="0"/>
        <line num="340" count="11" type="stmt"/>
        <line num="344" count="13" type="cond" truecount="1" falsecount="2"/>
        <line num="345" count="0" type="stmt"/>
        <line num="349" count="21" type="cond" truecount="1" falsecount="0"/>
        <line num="350" count="9" type="stmt"/>
        <line num="357" count="21" type="stmt"/>
        <line num="373" count="8" type="stmt"/>
        <line num="374" count="8" type="stmt"/>
        <line num="377" count="8" type="stmt"/>
        <line num="378" count="8" type="stmt"/>
        <line num="379" count="8" type="stmt"/>
        <line num="380" count="8" type="stmt"/>
        <line num="383" count="8" type="stmt"/>
        <line num="385" count="8" type="stmt"/>
        <line num="392" count="7" type="stmt"/>
      </file>
      <file name="CopilotClient.ts" path="C:\Users\kevin\SOFTWARE DEVELOPMENT\Repositories\codetutorV2\code-tutorv-v2\src\services\CopilotClient.ts">
        <metrics statements="3" coveredstatements="3" conditionals="0" coveredconditionals="0" methods="2" coveredmethods="2"/>
        <line num="8" count="2" type="stmt"/>
        <line num="12" count="20" type="stmt"/>
        <line num="24" count="1" type="stmt"/>
      </file>
      <file name="MessageHandler.ts" path="C:\Users\kevin\SOFTWARE DEVELOPMENT\Repositories\codetutorV2\code-tutorv-v2\src\services\MessageHandler.ts">
        <metrics statements="32" coveredstatements="32" conditionals="7" coveredconditionals="7" methods="10" coveredmethods="10"/>
        <line num="32" count="2" type="stmt"/>
        <line num="40" count="50" type="stmt"/>
        <line num="41" count="50" type="stmt"/>
        <line num="42" count="50" type="stmt"/>
        <line num="43" count="50" type="stmt"/>
        <line num="44" count="50" type="stmt"/>
        <line num="45" count="50" type="stmt"/>
        <line num="47" count="50" type="stmt"/>
        <line num="67" count="50" type="stmt"/>
        <line num="68" count="50" type="stmt"/>
        <line num="72" count="50" type="stmt"/>
        <line num="73" count="11" type="cond" truecount="2" falsecount="0"/>
        <line num="74" count="11" type="stmt"/>
        <line num="76" count="11" type="stmt"/>
        <line num="82" count="50" type="stmt"/>
        <line num="90" count="50" type="stmt"/>
        <line num="93" count="50" type="cond" truecount="1" falsecount="0"/>
        <line num="94" count="5" type="stmt"/>
        <line num="98" count="45" type="cond" truecount="1" falsecount="0"/>
        <line num="99" count="12" type="stmt"/>
        <line num="103" count="33" type="cond" truecount="1" falsecount="0"/>
        <line num="104" count="11" type="stmt"/>
        <line num="108" count="22" type="stmt"/>
        <line num="116" count="50" type="stmt"/>
        <line num="126" count="328" type="stmt"/>
        <line num="134" count="50" type="stmt"/>
        <line num="142" count="231" type="stmt"/>
        <line num="149" count="50" type="stmt"/>
        <line num="151" count="50" type="stmt"/>
        <line num="159" count="11" type="stmt"/>
        <line num="182" count="11" type="stmt"/>
        <line num="183" count="11" type="cond" truecount="2" falsecount="0"/>
      </file>
      <file name="PromptBuilder.ts" path="C:\Users\kevin\SOFTWARE DEVELOPMENT\Repositories\codetutorV2\code-tutorv-v2\src\services\PromptBuilder.ts">
        <metrics statements="62" coveredstatements="62" conditionals="21" coveredconditionals="21" methods="14" coveredmethods="14"/>
        <line num="36" count="2" type="stmt"/>
        <line num="37" count="50" type="stmt"/>
        <line num="38" count="50" type="stmt"/>
        <line num="52" count="19" type="stmt"/>
        <line num="55" count="19" type="stmt"/>
        <line num="56" count="19" type="stmt"/>
        <line num="57" count="19" type="stmt"/>
        <line num="58" count="19" type="stmt"/>
        <line num="61" count="19" type="stmt"/>
        <line num="69" count="19" type="stmt"/>
        <line num="71" count="19" type="stmt"/>
        <line num="87" count="23" type="stmt"/>
        <line num="204" count="22" type="stmt"/>
        <line num="239" count="22" type="stmt"/>
        <line num="253" count="23" type="cond" truecount="3" falsecount="0"/>
        <line num="254" count="16" type="stmt"/>
        <line num="258" count="7" type="stmt"/>
        <line num="261" count="7" type="stmt"/>
        <line num="262" count="26" type="cond" truecount="2" falsecount="0"/>
        <line num="264" count="26" type="cond" truecount="2" falsecount="0"/>
        <line num="267" count="26" type="stmt"/>
        <line num="270" count="7" type="stmt"/>
        <line num="290" count="23" type="cond" truecount="3" falsecount="0"/>
        <line num="291" count="17" type="stmt"/>
        <line num="295" count="6" type="stmt"/>
        <line num="296" count="7" type="cond" truecount="2" falsecount="0"/>
        <line num="297" count="7" type="stmt"/>
        <line num="303" count="6" type="stmt"/>
        <line num="326" count="28" type="stmt"/>
        <line num="329" count="28" type="stmt"/>
        <line num="338" count="154" type="stmt"/>
        <line num="340" count="28" type="cond" truecount="1" falsecount="0"/>
        <line num="343" count="4" type="stmt"/>
        <line num="344" count="24" type="stmt"/>
        <line num="349" count="28" type="stmt"/>
        <line num="354" count="28" type="stmt"/>
        <line num="355" count="28" type="cond" truecount="1" falsecount="0"/>
        <line num="356" count="1" type="stmt"/>
        <line num="362" count="28" type="stmt"/>
        <line num="365" count="3" type="stmt"/>
        <line num="368" count="28" type="stmt"/>
        <line num="388" count="19" type="cond" truecount="1" falsecount="0"/>
        <line num="389" count="1" type="stmt"/>
        <line num="396" count="18" type="cond" truecount="1" falsecount="0"/>
        <line num="397" count="1" type="stmt"/>
        <line num="404" count="17" type="stmt"/>
        <line num="413" count="98" type="stmt"/>
        <line num="415" count="17" type="cond" truecount="1" falsecount="0"/>
        <line num="416" count="1" type="stmt"/>
        <line num="423" count="16" type="stmt"/>
        <line num="424" count="16" type="cond" truecount="1" falsecount="0"/>
        <line num="425" count="1" type="stmt"/>
        <line num="432" count="15" type="stmt"/>
        <line num="447" count="19" type="stmt"/>
        <line num="449" count="19" type="cond" truecount="1" falsecount="0"/>
        <line num="450" count="19" type="stmt"/>
        <line num="453" count="19" type="cond" truecount="1" falsecount="0"/>
        <line num="454" count="4" type="stmt"/>
        <line num="457" count="19" type="cond" truecount="1" falsecount="0"/>
        <line num="458" count="3" type="stmt"/>
        <line num="461" count="19" type="stmt"/>
        <line num="463" count="19" type="stmt"/>
      </file>
      <file name="ResponseFormatter.ts" path="C:\Users\kevin\SOFTWARE DEVELOPMENT\Repositories\codetutorV2\code-tutorv-v2\src\services\ResponseFormatter.ts">
        <metrics statements="44" coveredstatements="41" conditionals="12" coveredconditionals="9" methods="10" coveredmethods="10"/>
        <line num="16" count="2" type="stmt"/>
        <line num="20" count="40" type="stmt"/>
        <line num="24" count="19" type="stmt"/>
        <line num="25" count="19" type="stmt"/>
        <line num="26" count="19" type="stmt"/>
        <line num="27" count="19" type="stmt"/>
        <line num="28" count="19" type="stmt"/>
        <line num="30" count="19" type="stmt"/>
        <line num="33" count="19" type="cond" truecount="0" falsecount="1"/>
        <line num="34" count="0" type="stmt"/>
        <line num="35" count="0" type="cond" truecount="0" falsecount="1"/>
        <line num="36" count="0" type="stmt"/>
        <line num="40" count="19" type="stmt"/>
        <line num="45" count="23" type="stmt"/>
        <line num="47" count="23" type="stmt"/>
        <line num="49" count="23" type="stmt"/>
        <line num="50" count="23" type="stmt"/>
        <line num="55" count="22" type="stmt"/>
        <line num="58" count="7" type="cond" truecount="2" falsecount="0"/>
        <line num="59" count="7" type="stmt"/>
        <line num="60" count="7" type="stmt"/>
        <line num="67" count="22" type="stmt"/>
        <line num="68" count="22" type="stmt"/>
        <line num="71" count="8" type="stmt"/>
        <line num="72" count="8" type="cond" truecount="1" falsecount="1"/>
        <line num="73" count="8" type="cond" truecount="2" falsecount="0"/>
        <line num="74" count="8" type="stmt"/>
        <line num="82" count="22" type="stmt"/>
        <line num="84" count="22" type="stmt"/>
        <line num="87" count="8" type="stmt"/>
        <line num="89" count="8" type="cond" truecount="1" falsecount="0"/>
        <line num="91" count="5" type="stmt"/>
        <line num="92" count="5" type="stmt"/>
        <line num="96" count="3" type="stmt"/>
        <line num="97" count="3" type="stmt"/>
        <line num="99" count="3" type="stmt"/>
        <line num="100" count="3" type="stmt"/>
        <line num="106" count="22" type="stmt"/>
        <line num="109" count="22" type="cond" truecount="1" falsecount="0"/>
        <line num="110" count="1" type="stmt"/>
        <line num="114" count="22" type="cond" truecount="1" falsecount="0"/>
        <line num="115" count="1" type="stmt"/>
        <line num="119" count="22" type="cond" truecount="1" falsecount="0"/>
        <line num="120" count="2" type="stmt"/>
      </file>
      <file name="StudentContextManager.ts" path="C:\Users\kevin\SOFTWARE DEVELOPMENT\Repositories\codetutorV2\code-tutorv-v2\src\services\StudentContextManager.ts">
        <metrics statements="57" coveredstatements="57" conditionals="5" coveredconditionals="5" methods="12" coveredmethods="12"/>
        <line num="13" count="2" type="stmt"/>
        <line num="33" count="2" type="stmt"/>
        <line num="36" count="37" type="stmt"/>
        <line num="37" count="37" type="stmt"/>
        <line num="38" count="37" type="stmt"/>
        <line num="41" count="37" type="stmt"/>
        <line num="42" count="37" type="stmt"/>
        <line num="51" count="189" type="cond" truecount="1" falsecount="0"/>
        <line num="53" count="156" type="stmt"/>
        <line num="54" count="156" type="stmt"/>
        <line num="55" count="156" type="stmt"/>
        <line num="59" count="33" type="stmt"/>
        <line num="63" count="33" type="cond" truecount="2" falsecount="0"/>
        <line num="65" count="2" type="stmt"/>
        <line num="66" count="2" type="stmt"/>
        <line num="72" count="31" type="stmt"/>
        <line num="75" count="33" type="stmt"/>
        <line num="86" count="140" type="stmt"/>
        <line num="92" count="140" type="stmt"/>
        <line num="95" count="140" type="stmt"/>
        <line num="96" count="140" type="stmt"/>
        <line num="99" count="140" type="cond" truecount="1" falsecount="0"/>
        <line num="100" count="11" type="stmt"/>
        <line num="103" count="140" type="stmt"/>
        <line num="106" count="140" type="stmt"/>
        <line num="116" count="9" type="stmt"/>
        <line num="117" count="9" type="stmt"/>
        <line num="118" count="9" type="stmt"/>
        <line num="120" count="9" type="stmt"/>
        <line num="128" count="3" type="stmt"/>
        <line num="129" count="3" type="stmt"/>
        <line num="138" count="3" type="stmt"/>
        <line num="139" count="3" type="stmt"/>
        <line num="143" count="3" type="stmt"/>
        <line num="145" count="3" type="stmt"/>
        <line num="152" count="1" type="stmt"/>
        <line num="154" count="1" type="stmt"/>
        <line num="155" count="1" type="stmt"/>
        <line num="156" count="1" type="stmt"/>
        <line num="158" count="1" type="stmt"/>
        <line num="165" count="1" type="stmt"/>
        <line num="167" count="1" type="stmt"/>
        <line num="168" count="1" type="stmt"/>
        <line num="169" count="1" type="stmt"/>
        <line num="170" count="1" type="stmt"/>
        <line num="172" count="1" type="stmt"/>
        <line num="179" count="1" type="stmt"/>
        <line num="180" count="1" type="stmt"/>
        <line num="181" count="1" type="stmt"/>
        <line num="188" count="154" type="stmt"/>
        <line num="196" count="154" type="stmt"/>
        <line num="204" count="31" type="stmt"/>
        <line num="205" count="31" type="stmt"/>
        <line num="210" count="31" type="stmt"/>
        <line num="227" count="32" type="stmt"/>
        <line num="228" count="32" type="stmt"/>
        <line num="229" count="32" type="stmt"/>
      </file>
      <file name="chatParticipantProvider.ts" path="C:\Users\kevin\SOFTWARE DEVELOPMENT\Repositories\codetutorV2\code-tutorv-v2\src\services\chatParticipantProvider.ts">
        <metrics statements="110" coveredstatements="93" conditionals="35" coveredconditionals="21" methods="19" coveredmethods="17"/>
        <line num="15" count="1" type="stmt"/>
        <line num="20" count="1" type="stmt"/>
        <line num="22" count="1" type="stmt"/>
        <line num="36" count="18" type="stmt"/>
        <line num="37" count="18" type="stmt"/>
        <line num="38" count="18" type="stmt"/>
        <line num="39" count="18" type="stmt"/>
        <line num="40" count="18" type="stmt"/>
        <line num="48" count="3" type="stmt"/>
        <line num="50" count="3" type="stmt"/>
        <line num="53" count="0" type="stmt"/>
        <line num="58" count="0" type="cond" truecount="0" falsecount="1"/>
        <line num="59" count="0" type="stmt"/>
        <line num="62" count="0" type="stmt"/>
        <line num="66" count="3" type="stmt"/>
        <line num="68" count="2" type="stmt"/>
        <line num="70" count="1" type="stmt"/>
        <line num="71" count="1" type="stmt"/>
        <line num="91" count="17" type="stmt"/>
        <line num="93" count="17" type="stmt"/>
        <line num="94" count="17" type="stmt"/>
        <line num="97" count="17" type="stmt"/>
        <line num="98" count="17" type="stmt"/>
        <line num="101" count="17" type="stmt"/>
        <line num="102" count="17" type="stmt"/>
        <line num="105" count="16" type="stmt"/>
        <line num="106" count="16" type="stmt"/>
        <line num="107" count="16" type="cond" truecount="1" falsecount="0"/>
        <line num="108" count="2" type="stmt"/>
        <line num="109" count="2" type="stmt"/>
        <line num="113" count="14" type="stmt"/>
        <line num="114" count="14" type="stmt"/>
        <line num="117" count="14" type="stmt"/>
        <line num="118" count="14" type="stmt"/>
        <line num="121" count="14" type="stmt"/>
        <line num="122" count="14" type="stmt"/>
        <line num="124" count="14" type="stmt"/>
        <line num="125" count="14" type="stmt"/>
        <line num="127" count="1" type="stmt"/>
        <line num="135" count="17" type="stmt"/>
        <line num="136" count="17" type="stmt"/>
        <line num="138" count="1" type="stmt"/>
        <line num="140" count="1" type="stmt"/>
        <line num="155" count="17" type="stmt"/>
        <line num="156" count="17" type="stmt"/>
        <line num="158" count="1" type="stmt"/>
        <line num="159" count="1" type="stmt"/>
        <line num="167" count="16" type="cond" truecount="1" falsecount="0"/>
        <line num="168" count="1" type="stmt"/>
        <line num="174" count="15" type="cond" truecount="1" falsecount="0"/>
        <line num="175" count="1" type="stmt"/>
        <line num="181" count="14" type="stmt"/>
        <line num="189" count="2" type="stmt"/>
        <line num="195" count="2" type="stmt"/>
        <line num="201" count="2" type="stmt"/>
        <line num="203" count="2" type="stmt"/>
        <line num="210" count="14" type="stmt"/>
        <line num="211" count="14" type="stmt"/>
        <line num="216" count="13" type="stmt"/>
        <line num="221" count="1" type="stmt"/>
        <line num="223" count="1" type="stmt"/>
        <line num="233" count="14" type="stmt"/>
        <line num="240" count="1" type="stmt"/>
        <line num="242" count="1" type="cond" truecount="1" falsecount="1"/>
        <line num="244" count="1" type="stmt"/>
        <line num="262" count="14" type="stmt"/>
        <line num="265" count="14" type="stmt"/>
        <line num="270" count="14" type="cond" truecount="0" falsecount="1"/>
        <line num="271" count="0" type="stmt"/>
        <line num="276" count="14" type="stmt"/>
        <line num="290" count="14" type="stmt"/>
        <line num="295" count="14" type="cond" truecount="4" falsecount="0"/>
        <line num="296" count="2" type="stmt"/>
        <line num="297" count="2" type="stmt"/>
        <line num="301" count="12" type="cond" truecount="4" falsecount="0"/>
        <line num="303" count="1" type="stmt"/>
        <line num="304" count="1" type="stmt"/>
        <line num="306" count="2" type="stmt"/>
        <line num="307" count="2" type="stmt"/>
        <line num="309" count="5" type="stmt"/>
        <line num="310" count="5" type="stmt"/>
        <line num="312" count="4" type="stmt"/>
        <line num="323" count="14" type="stmt"/>
        <line num="334" count="2" type="stmt"/>
        <line num="336" count="2" type="cond" truecount="1" falsecount="1"/>
        <line num="337" count="2" type="stmt"/>
        <line num="338" count="0" type="cond" truecount="0" falsecount="2"/>
        <line num="339" count="0" type="stmt"/>
        <line num="341" count="0" type="stmt"/>
        <line num="349" count="1" type="cond" truecount="1" falsecount="1"/>
        <line num="350" count="1" type="stmt"/>
        <line num="351" count="0" type="cond" truecount="0" falsecount="2"/>
        <line num="352" count="0" type="stmt"/>
        <line num="354" count="0" type="stmt"/>
        <line num="362" count="2" type="cond" truecount="2" falsecount="0"/>
        <line num="363" count="1" type="stmt"/>
        <line num="364" count="1" type="cond" truecount="1" falsecount="1"/>
        <line num="365" count="1" type="stmt"/>
        <line num="367" count="0" type="stmt"/>
        <line num="375" count="5" type="cond" truecount="2" falsecount="0"/>
        <line num="376" count="3" type="stmt"/>
        <line num="377" count="2" type="cond" truecount="1" falsecount="1"/>
        <line num="378" count="0" type="stmt"/>
        <line num="380" count="2" type="stmt"/>
        <line num="388" count="4" type="cond" truecount="1" falsecount="1"/>
        <line num="389" count="4" type="stmt"/>
        <line num="390" count="0" type="cond" truecount="0" falsecount="2"/>
        <line num="391" count="0" type="stmt"/>
        <line num="393" count="0" type="stmt"/>
        <line num="401" count="0" type="stmt"/>
      </file>
    </package>
    <package name="src.storage">
      <metrics statements="58" coveredstatements="57" conditionals="9" coveredconditionals="8" methods="20" coveredmethods="19"/>
      <file name="ConversationStorage.ts" path="C:\Users\kevin\SOFTWARE DEVELOPMENT\Repositories\codetutorV2\code-tutorv-v2\src\storage\ConversationStorage.ts">
        <metrics statements="58" coveredstatements="57" conditionals="9" coveredconditionals="8" methods="20" coveredmethods="19"/>
        <line num="29" count="3" type="stmt"/>
        <line num="32" count="49" type="stmt"/>
        <line num="33" count="49" type="stmt"/>
        <line num="34" count="49" type="stmt"/>
        <line num="37" count="49" type="stmt"/>
        <line num="38" count="49" type="stmt"/>
        <line num="39" count="49" type="stmt"/>
        <line num="47" count="197" type="stmt"/>
        <line num="50" count="197" type="stmt"/>
        <line num="57" count="164" type="stmt"/>
        <line num="64" count="6" type="stmt"/>
        <line num="71" count="2" type="stmt"/>
        <line num="72" count="2" type="stmt"/>
        <line num="80" count="4" type="stmt"/>
        <line num="83" count="4" type="stmt"/>
        <line num="84" count="4" type="stmt"/>
        <line num="91" count="312" type="stmt"/>
        <line num="95" count="312" type="stmt"/>
        <line num="102" count="1" type="stmt"/>
        <line num="103" count="1" type="stmt"/>
        <line num="105" count="1" type="cond" truecount="1" falsecount="0"/>
        <line num="106" count="1" type="stmt"/>
        <line num="107" count="1" type="stmt"/>
        <line num="115" count="1" type="stmt"/>
        <line num="116" count="1" type="stmt"/>
        <line num="117" count="1" type="stmt"/>
        <line num="120" count="1" type="cond" truecount="1" falsecount="0"/>
        <line num="121" count="1" type="stmt"/>
        <line num="122" count="1" type="stmt"/>
        <line num="131" count="51" type="stmt"/>
        <line num="132" count="51" type="stmt"/>
        <line num="133" count="51" type="stmt"/>
        <line num="135" count="51" type="stmt"/>
        <line num="136" count="3" type="stmt"/>
        <line num="139" count="51" type="stmt"/>
        <line num="141" count="51" type="cond" truecount="1" falsecount="0"/>
        <line num="142" count="1" type="stmt"/>
        <line num="145" count="51" type="stmt"/>
        <line num="152" count="1" type="stmt"/>
        <line num="153" count="1" type="stmt"/>
        <line num="160" count="2" type="stmt"/>
        <line num="161" count="2" type="stmt"/>
        <line num="162" count="2" type="stmt"/>
        <line num="169" count="49" type="stmt"/>
        <line num="170" count="49" type="stmt"/>
        <line num="172" count="49" type="cond" truecount="0" falsecount="1"/>
        <line num="173" count="0" type="stmt"/>
        <line num="177" count="49" type="stmt"/>
        <line num="184" count="203" type="stmt"/>
        <line num="185" count="203" type="stmt"/>
        <line num="187" count="203" type="stmt"/>
        <line num="194" count="203" type="cond" truecount="2" falsecount="0"/>
        <line num="196" count="167" type="stmt"/>
        <line num="199" count="36" type="stmt"/>
        <line num="202" count="203" type="stmt"/>
        <line num="209" count="56" type="stmt"/>
        <line num="210" count="56" type="stmt"/>
        <line num="211" count="56" type="stmt"/>
      </file>
    </package>
  </project>
</coverage>
