{"C:\\Users\\kevin\\SOFTWARE DEVELOPMENT\\Repositories\\codetutorV2\\code-tutorv-v2\\src\\extension.ts": {"path":"C:\\Users\\kevin\\SOFTWARE DEVELOPMENT\\Repositories\\codetutorV2\\code-tutorv-v2\\src\\extension.ts","statementMap":{"0":{"start":{"line":10,"column":0},"end":{"line":10,"column":16}},"1":{"start":{"line":38,"column":0},"end":{"line":38,"column":16}},"2":{"start":{"line":2,"column":0},"end":{"line":2,"column":68}},"3":{"start":{"line":3,"column":0},"end":{"line":3,"column":73}},"4":{"start":{"line":4,"column":0},"end":{"line":4,"column":59}},"5":{"start":{"line":5,"column":0},"end":{"line":5,"column":57}},"6":{"start":{"line":6,"column":0},"end":{"line":6,"column":71}},"7":{"start":{"line":7,"column":0},"end":{"line":7,"column":65}},"8":{"start":{"line":8,"column":0},"end":{"line":8,"column":77}},"9":{"start":{"line":11,"column":4},"end":{"line":11,"column":48}},"10":{"start":{"line":14,"column":20},"end":{"line":14,"column":52}},"11":{"start":{"line":15,"column":27},"end":{"line":15,"column":70}},"12":{"start":{"line":16,"column":27},"end":{"line":16,"column":47}},"13":{"start":{"line":17,"column":26},"end":{"line":17,"column":45}},"14":{"start":{"line":20,"column":33},"end":{"line":20,"column":59}},"15":{"start":{"line":21,"column":30},"end":{"line":21,"column":73}},"16":{"start":{"line":23,"column":25},"end":{"line":28,"column":null}},"17":{"start":{"line":32,"column":4},"end":{"line":32,"column":35}},"18":{"start":{"line":34,"column":4},"end":{"line":34,"column":91}},"19":{"start":{"line":39,"column":4},"end":{"line":39,"column":52}}},"fnMap":{"0":{"name":"activate","decl":{"start":{"line":10,"column":16},"end":{"line":10,"column":24}},"loc":{"start":{"line":10,"column":57},"end":{"line":35,"column":1}}},"1":{"name":"deactivate","decl":{"start":{"line":38,"column":16},"end":{"line":38,"column":26}},"loc":{"start":{"line":38,"column":26},"end":{"line":40,"column":1}}}},"branchMap":{},"s":{"0":0,"1":0,"2":0,"3":0,"4":0,"5":0,"6":0,"7":0,"8":0,"9":0,"10":0,"11":0,"12":0,"13":0,"14":0,"15":0,"16":0,"17":0,"18":0,"19":0},"f":{"0":0,"1":0},"b":{}}
,"C:\\Users\\kevin\\SOFTWARE DEVELOPMENT\\Repositories\\codetutorV2\\code-tutorv-v2\\src\\accessibility\\accessibilityHandler.ts": {"path":"C:\\Users\\kevin\\SOFTWARE DEVELOPMENT\\Repositories\\codetutorV2\\code-tutorv-v2\\src\\accessibility\\accessibilityHandler.ts","statementMap":{"0":{"start":{"line":1,"column":0},"end":{"line":1,"column":9}},"1":{"start":{"line":7,"column":9},"end":{"line":1,"column":135}}},"fnMap":{"0":{"name":"(anonymous_0)","decl":{"start":{"line":7,"column":9},"end":{"line":7,"column":29}},"loc":{"start":{"line":7,"column":9},"end":{"line":1,"column":135}}}},"branchMap":{},"s":{"0":0,"1":0},"f":{"0":0},"b":{}}
,"C:\\Users\\kevin\\SOFTWARE DEVELOPMENT\\Repositories\\codetutorV2\\code-tutorv-v2\\src\\services\\AccessibilityHandler.ts": {"path":"C:\\Users\\kevin\\SOFTWARE DEVELOPMENT\\Repositories\\codetutorV2\\code-tutorv-v2\\src\\services\\AccessibilityHandler.ts","statementMap":{"0":{"start":{"line":67,"column":49},"end":{"line":67,"column":51}},"1":{"start":{"line":68,"column":45},"end":{"line":68,"column":47}},"2":{"start":{"line":70,"column":8},"end":{"line":95,"column":9}},"3":{"start":{"line":72,"column":12},"end":{"line":72,"column":73}},"4":{"start":{"line":73,"column":12},"end":{"line":73,"column":82}},"5":{"start":{"line":74,"column":12},"end":{"line":74,"column":76}},"6":{"start":{"line":75,"column":12},"end":{"line":75,"column":77}},"7":{"start":{"line":78,"column":12},"end":{"line":86,"column":13}},"8":{"start":{"line":79,"column":16},"end":{"line":79,"column":93}},"9":{"start":{"line":80,"column":16},"end":{"line":85,"column":19}},"10":{"start":{"line":81,"column":20},"end":{"line":81,"column":62}},"11":{"start":{"line":82,"column":20},"end":{"line":84,"column":21}},"12":{"start":{"line":83,"column":24},"end":{"line":83,"column":73}},"13":{"start":{"line":89,"column":12},"end":{"line":89,"column":75}},"14":{"start":{"line":90,"column":12},"end":{"line":94,"column":15}},"15":{"start":{"line":98,"column":23},"end":{"line":98,"column":77}},"16":{"start":{"line":98,"column":42},"end":{"line":98,"column":63}},"17":{"start":{"line":100,"column":8},"end":{"line":104,"column":10}},"18":{"start":{"line":125,"column":49},"end":{"line":125,"column":51}},"19":{"start":{"line":128,"column":35},"end":{"line":128,"column":66}},"20":{"start":{"line":129,"column":29},"end":{"line":129,"column":63}},"21":{"start":{"line":131,"column":8},"end":{"line":137,"column":9}},"22":{"start":{"line":132,"column":12},"end":{"line":136,"column":15}},"23":{"start":{"line":140,"column":37},"end":{"line":144,"column":10}},"24":{"start":{"line":146,"column":8},"end":{"line":155,"column":9}},"25":{"start":{"line":147,"column":12},"end":{"line":154,"column":13}},"26":{"start":{"line":148,"column":16},"end":{"line":152,"column":19}},"27":{"start":{"line":153,"column":16},"end":{"line":153,"column":22}},"28":{"start":{"line":157,"column":8},"end":{"line":157,"column":24}},"29":{"start":{"line":176,"column":49},"end":{"line":176,"column":51}},"30":{"start":{"line":181,"column":22},"end":{"line":181,"column":42}},"31":{"start":{"line":182,"column":26},"end":{"line":182,"column":31}},"32":{"start":{"line":183,"column":31},"end":{"line":183,"column":32}},"33":{"start":{"line":185,"column":8},"end":{"line":200,"column":9}},"34":{"start":{"line":186,"column":31},"end":{"line":186,"column":55}},"35":{"start":{"line":187,"column":12},"end":{"line":199,"column":13}},"36":{"start":{"line":188,"column":16},"end":{"line":198,"column":17}},"37":{"start":{"line":190,"column":20},"end":{"line":190,"column":39}},"38":{"start":{"line":191,"column":20},"end":{"line":194,"column":21}},"39":{"start":{"line":193,"column":24},"end":{"line":193,"column":43}},"40":{"start":{"line":197,"column":20},"end":{"line":197,"column":40}},"41":{"start":{"line":202,"column":8},"end":{"line":208,"column":9}},"42":{"start":{"line":203,"column":12},"end":{"line":207,"column":15}},"43":{"start":{"line":211,"column":33},"end":{"line":211,"column":60}},"44":{"start":{"line":213,"column":29},"end":{"line":213,"column":30}},"45":{"start":{"line":215,"column":8},"end":{"line":222,"column":9}},"46":{"start":{"line":216,"column":25},"end":{"line":216,"column":33}},"47":{"start":{"line":217,"column":26},"end":{"line":217,"column":49}},"48":{"start":{"line":219,"column":12},"end":{"line":221,"column":13}},"49":{"start":{"line":220,"column":16},"end":{"line":220,"column":33}},"50":{"start":{"line":224,"column":8},"end":{"line":230,"column":9}},"51":{"start":{"line":225,"column":12},"end":{"line":229,"column":15}},"52":{"start":{"line":232,"column":8},"end":{"line":232,"column":24}},"53":{"start":{"line":252,"column":49},"end":{"line":252,"column":51}},"54":{"start":{"line":255,"column":79},"end":{"line":255,"column":81}},"55":{"start":{"line":256,"column":22},"end":{"line":256,"column":42}},"56":{"start":{"line":258,"column":8},"end":{"line":268,"column":9}},"57":{"start":{"line":258,"column":21},"end":{"line":258,"column":22}},"58":{"start":{"line":259,"column":25},"end":{"line":259,"column":33}},"59":{"start":{"line":260,"column":33},"end":{"line":260,"column":64}},"60":{"start":{"line":261,"column":12},"end":{"line":267,"column":13}},"61":{"start":{"line":262,"column":16},"end":{"line":266,"column":19}},"62":{"start":{"line":271,"column":8},"end":{"line":297,"column":9}},"63":{"start":{"line":272,"column":32},"end":{"line":272,"column":33}},"64":{"start":{"line":274,"column":12},"end":{"line":296,"column":13}},"65":{"start":{"line":276,"column":16},"end":{"line":283,"column":17}},"66":{"start":{"line":277,"column":20},"end":{"line":282,"column":23}},"67":{"start":{"line":286,"column":16},"end":{"line":293,"column":17}},"68":{"start":{"line":287,"column":20},"end":{"line":292,"column":23}},"69":{"start":{"line":295,"column":16},"end":{"line":295,"column":46}},"70":{"start":{"line":299,"column":8},"end":{"line":299,"column":24}},"71":{"start":{"line":318,"column":49},"end":{"line":318,"column":51}},"72":{"start":{"line":321,"column":28},"end":{"line":321,"column":52}},"73":{"start":{"line":322,"column":31},"end":{"line":330,"column":10}},"74":{"start":{"line":333,"column":37},"end":{"line":333,"column":39}},"75":{"start":{"line":335,"column":8},"end":{"line":347,"column":9}},"76":{"start":{"line":336,"column":29},"end":{"line":336,"column":58}},"77":{"start":{"line":339,"column":12},"end":{"line":341,"column":13}},"78":{"start":{"line":340,"column":16},"end":{"line":340,"column":42}},"79":{"start":{"line":344,"column":12},"end":{"line":346,"column":13}},"80":{"start":{"line":345,"column":16},"end":{"line":345,"column":42}},"81":{"start":{"line":349,"column":8},"end":{"line":355,"column":9}},"82":{"start":{"line":350,"column":12},"end":{"line":354,"column":15}},"83":{"start":{"line":357,"column":8},"end":{"line":357,"column":24}},"84":{"start":{"line":373,"column":49},"end":{"line":373,"column":51}},"85":{"start":{"line":374,"column":45},"end":{"line":374,"column":47}},"86":{"start":{"line":377,"column":8},"end":{"line":377,"column":60}},"87":{"start":{"line":378,"column":8},"end":{"line":378,"column":69}},"88":{"start":{"line":379,"column":8},"end":{"line":379,"column":63}},"89":{"start":{"line":380,"column":8},"end":{"line":380,"column":64}},"90":{"start":{"line":383,"column":23},"end":{"line":383,"column":77}},"91":{"start":{"line":383,"column":42},"end":{"line":383,"column":63}},"92":{"start":{"line":385,"column":8},"end":{"line":395,"column":10}},"93":{"start":{"line":392,"column":48},"end":{"line":392,"column":66}},"94":{"start":{"line":48,"column":0},"end":{"line":48,"column":13}}},"fnMap":{"0":{"name":"(anonymous_0)","decl":{"start":{"line":66,"column":11},"end":{"line":66,"column":27}},"loc":{"start":{"line":66,"column":53},"end":{"line":105,"column":5}}},"1":{"name":"(anonymous_1)","decl":{"start":{"line":80,"column":33},"end":{"line":80,"column":34}},"loc":{"start":{"line":80,"column":37},"end":{"line":85,"column":17}}},"2":{"name":"(anonymous_2)","decl":{"start":{"line":98,"column":37},"end":{"line":98,"column":38}},"loc":{"start":{"line":98,"column":42},"end":{"line":98,"column":63}}},"3":{"name":"(anonymous_3)","decl":{"start":{"line":124,"column":11},"end":{"line":124,"column":29}},"loc":{"start":{"line":124,"column":46},"end":{"line":158,"column":5}}},"4":{"name":"(anonymous_4)","decl":{"start":{"line":175,"column":11},"end":{"line":175,"column":38}},"loc":{"start":{"line":175,"column":55},"end":{"line":233,"column":5}}},"5":{"name":"(anonymous_5)","decl":{"start":{"line":251,"column":11},"end":{"line":251,"column":32}},"loc":{"start":{"line":251,"column":49},"end":{"line":300,"column":5}}},"6":{"name":"(anonymous_6)","decl":{"start":{"line":317,"column":11},"end":{"line":317,"column":33}},"loc":{"start":{"line":317,"column":50},"end":{"line":358,"column":5}}},"7":{"name":"(anonymous_7)","decl":{"start":{"line":372,"column":11},"end":{"line":372,"column":25}},"loc":{"start":{"line":372,"column":42},"end":{"line":396,"column":5}}},"8":{"name":"(anonymous_8)","decl":{"start":{"line":383,"column":37},"end":{"line":383,"column":38}},"loc":{"start":{"line":383,"column":42},"end":{"line":383,"column":63}}},"9":{"name":"(anonymous_9)","decl":{"start":{"line":392,"column":43},"end":{"line":392,"column":44}},"loc":{"start":{"line":392,"column":48},"end":{"line":392,"column":66}}}},"branchMap":{"0":{"loc":{"start":{"line":78,"column":12},"end":{"line":86,"column":13}},"type":"if","locations":[{"start":{"line":78,"column":12},"end":{"line":86,"column":13}}]},"1":{"loc":{"start":{"line":82,"column":20},"end":{"line":84,"column":21}},"type":"if","locations":[{"start":{"line":82,"column":20},"end":{"line":84,"column":21}}]},"2":{"loc":{"start":{"line":131,"column":8},"end":{"line":137,"column":9}},"type":"if","locations":[{"start":{"line":131,"column":8},"end":{"line":137,"column":9}}]},"3":{"loc":{"start":{"line":131,"column":12},"end":{"line":131,"column":51}},"type":"binary-expr","locations":[{"start":{"line":131,"column":12},"end":{"line":131,"column":24}},{"start":{"line":131,"column":28},"end":{"line":131,"column":51}}]},"4":{"loc":{"start":{"line":147,"column":12},"end":{"line":154,"column":13}},"type":"if","locations":[{"start":{"line":147,"column":12},"end":{"line":154,"column":13}}]},"5":{"loc":{"start":{"line":187,"column":12},"end":{"line":199,"column":13}},"type":"if","locations":[{"start":{"line":187,"column":12},"end":{"line":199,"column":13}}]},"6":{"loc":{"start":{"line":188,"column":16},"end":{"line":198,"column":17}},"type":"if","locations":[{"start":{"line":188,"column":16},"end":{"line":198,"column":17}},{"start":{"line":195,"column":23},"end":{"line":198,"column":17}}]},"7":{"loc":{"start":{"line":191,"column":20},"end":{"line":194,"column":21}},"type":"if","locations":[{"start":{"line":191,"column":20},"end":{"line":194,"column":21}}]},"8":{"loc":{"start":{"line":202,"column":8},"end":{"line":208,"column":9}},"type":"if","locations":[{"start":{"line":202,"column":8},"end":{"line":208,"column":9}}]},"9":{"loc":{"start":{"line":219,"column":12},"end":{"line":221,"column":13}},"type":"if","locations":[{"start":{"line":219,"column":12},"end":{"line":221,"column":13}}]},"10":{"loc":{"start":{"line":224,"column":8},"end":{"line":230,"column":9}},"type":"if","locations":[{"start":{"line":224,"column":8},"end":{"line":230,"column":9}}]},"11":{"loc":{"start":{"line":261,"column":12},"end":{"line":267,"column":13}},"type":"if","locations":[{"start":{"line":261,"column":12},"end":{"line":267,"column":13}}]},"12":{"loc":{"start":{"line":271,"column":8},"end":{"line":297,"column":9}},"type":"if","locations":[{"start":{"line":271,"column":8},"end":{"line":297,"column":9}}]},"13":{"loc":{"start":{"line":276,"column":16},"end":{"line":283,"column":17}},"type":"if","locations":[{"start":{"line":276,"column":16},"end":{"line":283,"column":17}}]},"14":{"loc":{"start":{"line":276,"column":20},"end":{"line":276,"column":74}},"type":"binary-expr","locations":[{"start":{"line":276,"column":20},"end":{"line":276,"column":37}},{"start":{"line":276,"column":41},"end":{"line":276,"column":74}}]},"15":{"loc":{"start":{"line":286,"column":16},"end":{"line":293,"column":17}},"type":"if","locations":[{"start":{"line":286,"column":16},"end":{"line":293,"column":17}}]},"16":{"loc":{"start":{"line":339,"column":12},"end":{"line":341,"column":13}},"type":"if","locations":[{"start":{"line":339,"column":12},"end":{"line":341,"column":13}}]},"17":{"loc":{"start":{"line":344,"column":12},"end":{"line":346,"column":13}},"type":"if","locations":[{"start":{"line":344,"column":12},"end":{"line":346,"column":13}}]},"18":{"loc":{"start":{"line":344,"column":16},"end":{"line":344,"column":56}},"type":"binary-expr","locations":[{"start":{"line":344,"column":16},"end":{"line":344,"column":35}},{"start":{"line":344,"column":39},"end":{"line":344,"column":56}}]},"19":{"loc":{"start":{"line":349,"column":8},"end":{"line":355,"column":9}},"type":"if","locations":[{"start":{"line":349,"column":8},"end":{"line":355,"column":9}}]}},"s":{"0":6,"1":6,"2":6,"3":6,"4":5,"5":5,"6":5,"7":5,"8":2,"9":2,"10":4,"11":4,"12":4,"13":1,"14":1,"15":6,"16":0,"17":6,"18":21,"19":21,"20":21,"21":20,"22":3,"23":20,"24":20,"25":51,"26":6,"27":6,"28":20,"29":19,"30":19,"31":19,"32":19,"33":19,"34":138,"35":138,"36":28,"37":14,"38":14,"39":8,"40":14,"41":19,"42":7,"43":19,"44":19,"45":19,"46":14,"47":14,"48":14,"49":1,"50":19,"51":1,"52":19,"53":21,"54":21,"55":21,"56":21,"57":21,"58":95,"59":95,"60":95,"61":28,"62":21,"63":14,"64":14,"65":28,"66":7,"67":28,"68":0,"69":28,"70":21,"71":21,"72":21,"73":21,"74":21,"75":21,"76":13,"77":13,"78":11,"79":13,"80":0,"81":21,"82":9,"83":21,"84":8,"85":8,"86":8,"87":8,"88":8,"89":8,"90":8,"91":0,"92":8,"93":7,"94":1},"f":{"0":6,"1":4,"2":0,"3":21,"4":19,"5":21,"6":21,"7":8,"8":0,"9":7},"b":{"0":[2],"1":[4],"2":[3],"3":[20,3],"4":[6],"5":[28],"6":[14,14],"7":[8],"8":[7],"9":[1],"10":[1],"11":[28],"12":[14],"13":[7],"14":[28,14],"15":[0],"16":[11],"17":[0],"18":[13,0],"19":[9]}}
,"C:\\Users\\kevin\\SOFTWARE DEVELOPMENT\\Repositories\\codetutorV2\\code-tutorv-v2\\src\\services\\CopilotClient.ts": {"path":"C:\\Users\\kevin\\SOFTWARE DEVELOPMENT\\Repositories\\codetutorV2\\code-tutorv-v2\\src\\services\\CopilotClient.ts","statementMap":{"0":{"start":{"line":12,"column":4},"end":{"line":12,"column":27}},"1":{"start":{"line":24,"column":4},"end":{"line":24,"column":87}},"2":{"start":{"line":8,"column":0},"end":{"line":8,"column":13}}},"fnMap":{"0":{"name":"(anonymous_0)","decl":{"start":{"line":11,"column":2},"end":{"line":11,"column":14}},"loc":{"start":{"line":11,"column":46},"end":{"line":13,"column":3}}},"1":{"name":"(anonymous_1)","decl":{"start":{"line":21,"column":2},"end":{"line":21,"column":7}},"loc":{"start":{"line":21,"column":33},"end":{"line":25,"column":3}}}},"branchMap":{},"s":{"0":20,"1":1,"2":2},"f":{"0":20,"1":1},"b":{}}
,"C:\\Users\\kevin\\SOFTWARE DEVELOPMENT\\Repositories\\codetutorV2\\code-tutorv-v2\\src\\services\\MessageHandler.ts": {"path":"C:\\Users\\kevin\\SOFTWARE DEVELOPMENT\\Repositories\\codetutorV2\\code-tutorv-v2\\src\\services\\MessageHandler.ts","statementMap":{"0":{"start":{"line":40,"column":21},"end":{"line":40,"column":34}},"1":{"start":{"line":41,"column":27},"end":{"line":41,"column":55}},"2":{"start":{"line":42,"column":29},"end":{"line":42,"column":58}},"3":{"start":{"line":43,"column":34},"end":{"line":43,"column":66}},"4":{"start":{"line":44,"column":35},"end":{"line":44,"column":68}},"5":{"start":{"line":45,"column":34},"end":{"line":45,"column":66}},"6":{"start":{"line":47,"column":8},"end":{"line":54,"column":10}},"7":{"start":{"line":67,"column":31},"end":{"line":67,"column":60}},"8":{"start":{"line":68,"column":36},"end":{"line":68,"column":38}},"9":{"start":{"line":72,"column":8},"end":{"line":80,"column":9}},"10":{"start":{"line":73,"column":29},"end":{"line":73,"column":50}},"11":{"start":{"line":74,"column":25},"end":{"line":74,"column":33}},"12":{"start":{"line":76,"column":12},"end":{"line":79,"column":15}},"13":{"start":{"line":82,"column":8},"end":{"line":82,"column":22}},"14":{"start":{"line":90,"column":26},"end":{"line":90,"column":44}},"15":{"start":{"line":93,"column":8},"end":{"line":95,"column":9}},"16":{"start":{"line":94,"column":12},"end":{"line":94,"column":31}},"17":{"start":{"line":98,"column":8},"end":{"line":100,"column":9}},"18":{"start":{"line":99,"column":12},"end":{"line":99,"column":33}},"19":{"start":{"line":103,"column":8},"end":{"line":105,"column":9}},"20":{"start":{"line":104,"column":12},"end":{"line":104,"column":29}},"21":{"start":{"line":108,"column":8},"end":{"line":108,"column":25}},"22":{"start":{"line":116,"column":33},"end":{"line":124,"column":10}},"23":{"start":{"line":126,"column":8},"end":{"line":126,"column":68}},"24":{"start":{"line":126,"column":48},"end":{"line":126,"column":66}},"25":{"start":{"line":134,"column":34},"end":{"line":140,"column":10}},"26":{"start":{"line":142,"column":8},"end":{"line":142,"column":69}},"27":{"start":{"line":142,"column":49},"end":{"line":142,"column":67}},"28":{"start":{"line":149,"column":26},"end":{"line":149,"column":65}},"29":{"start":{"line":149,"column":50},"end":{"line":149,"column":64}},"30":{"start":{"line":151,"column":8},"end":{"line":151,"column":39}},"31":{"start":{"line":159,"column":58},"end":{"line":180,"column":10}},"32":{"start":{"line":182,"column":22},"end":{"line":182,"column":44}},"33":{"start":{"line":183,"column":8},"end":{"line":183,"column":46}},"34":{"start":{"line":32,"column":0},"end":{"line":32,"column":13}}},"fnMap":{"0":{"name":"(anonymous_0)","decl":{"start":{"line":39,"column":11},"end":{"line":39,"column":23}},"loc":{"start":{"line":39,"column":38},"end":{"line":55,"column":5}}},"1":{"name":"(anonymous_1)","decl":{"start":{"line":66,"column":12},"end":{"line":66,"column":29}},"loc":{"start":{"line":66,"column":42},"end":{"line":83,"column":5}}},"2":{"name":"(anonymous_2)","decl":{"start":{"line":89,"column":12},"end":{"line":89,"column":30}},"loc":{"start":{"line":89,"column":43},"end":{"line":109,"column":5}}},"3":{"name":"(anonymous_3)","decl":{"start":{"line":115,"column":12},"end":{"line":115,"column":33}},"loc":{"start":{"line":115,"column":46},"end":{"line":127,"column":5}}},"4":{"name":"(anonymous_4)","decl":{"start":{"line":126,"column":37},"end":{"line":126,"column":44}},"loc":{"start":{"line":126,"column":48},"end":{"line":126,"column":66}}},"5":{"name":"(anonymous_5)","decl":{"start":{"line":133,"column":12},"end":{"line":133,"column":34}},"loc":{"start":{"line":133,"column":47},"end":{"line":143,"column":5}}},"6":{"name":"(anonymous_6)","decl":{"start":{"line":142,"column":38},"end":{"line":142,"column":45}},"loc":{"start":{"line":142,"column":49},"end":{"line":142,"column":67}}},"7":{"name":"(anonymous_7)","decl":{"start":{"line":148,"column":12},"end":{"line":148,"column":27}},"loc":{"start":{"line":148,"column":51},"end":{"line":152,"column":5}}},"8":{"name":"(anonymous_8)","decl":{"start":{"line":149,"column":41},"end":{"line":149,"column":46}},"loc":{"start":{"line":149,"column":50},"end":{"line":149,"column":64}}},"9":{"name":"(anonymous_9)","decl":{"start":{"line":158,"column":12},"end":{"line":158,"column":29}},"loc":{"start":{"line":158,"column":46},"end":{"line":184,"column":5}}}},"branchMap":{"0":{"loc":{"start":{"line":73,"column":29},"end":{"line":73,"column":50}},"type":"binary-expr","locations":[{"start":{"line":73,"column":29},"end":{"line":73,"column":37}},{"start":{"line":73,"column":41},"end":{"line":73,"column":50}}]},"1":{"loc":{"start":{"line":93,"column":8},"end":{"line":95,"column":9}},"type":"if","locations":[{"start":{"line":93,"column":8},"end":{"line":95,"column":9}}]},"2":{"loc":{"start":{"line":98,"column":8},"end":{"line":100,"column":9}},"type":"if","locations":[{"start":{"line":98,"column":8},"end":{"line":100,"column":9}}]},"3":{"loc":{"start":{"line":103,"column":8},"end":{"line":105,"column":9}},"type":"if","locations":[{"start":{"line":103,"column":8},"end":{"line":105,"column":9}}]},"4":{"loc":{"start":{"line":183,"column":15},"end":{"line":183,"column":45}},"type":"binary-expr","locations":[{"start":{"line":183,"column":15},"end":{"line":183,"column":36}},{"start":{"line":183,"column":40},"end":{"line":183,"column":45}}]}},"s":{"0":50,"1":50,"2":50,"3":50,"4":50,"5":50,"6":50,"7":50,"8":50,"9":50,"10":11,"11":11,"12":11,"13":50,"14":50,"15":50,"16":5,"17":45,"18":12,"19":33,"20":11,"21":22,"22":50,"23":50,"24":328,"25":50,"26":50,"27":231,"28":50,"29":11,"30":50,"31":11,"32":11,"33":11,"34":2},"f":{"0":50,"1":50,"2":50,"3":50,"4":328,"5":50,"6":231,"7":50,"8":11,"9":11},"b":{"0":[11,1],"1":[5],"2":[12],"3":[11],"4":[11,8]}}
,"C:\\Users\\kevin\\SOFTWARE DEVELOPMENT\\Repositories\\codetutorV2\\code-tutorv-v2\\src\\services\\PromptBuilder.ts": {"path":"C:\\Users\\kevin\\SOFTWARE DEVELOPMENT\\Repositories\\codetutorV2\\code-tutorv-v2\\src\\services\\PromptBuilder.ts","statementMap":{"0":{"start":{"line":37,"column":41},"end":{"line":37,"column":45}},"1":{"start":{"line":38,"column":44},"end":{"line":38,"column":46}},"2":{"start":{"line":52,"column":29},"end":{"line":52,"column":53}},"3":{"start":{"line":55,"column":33},"end":{"line":55,"column":82}},"4":{"start":{"line":56,"column":31},"end":{"line":56,"column":84}},"5":{"start":{"line":57,"column":28},"end":{"line":57,"column":75}},"6":{"start":{"line":58,"column":33},"end":{"line":58,"column":71}},"7":{"start":{"line":61,"column":27},"end":{"line":65,"column":null}},"8":{"start":{"line":69,"column":28},"end":{"line":69,"column":84}},"9":{"start":{"line":71,"column":8},"end":{"line":75,"column":10}},"10":{"start":{"line":87,"column":8},"end":{"line":192,"column":89}},"11":{"start":{"line":204,"column":29},"end":{"line":237,"column":10}},"12":{"start":{"line":239,"column":8},"end":{"line":239,"column":35}},"13":{"start":{"line":253,"column":8},"end":{"line":255,"column":9}},"14":{"start":{"line":254,"column":12},"end":{"line":254,"column":22}},"15":{"start":{"line":258,"column":30},"end":{"line":258,"column":71}},"16":{"start":{"line":261,"column":34},"end":{"line":268,"column":10}},"17":{"start":{"line":262,"column":25},"end":{"line":262,"column":69}},"18":{"start":{"line":264,"column":28},"end":{"line":266,"column":29}},"19":{"start":{"line":267,"column":12},"end":{"line":267,"column":41}},"20":{"start":{"line":270,"column":8},"end":{"line":276,"column":2}},"21":{"start":{"line":290,"column":8},"end":{"line":292,"column":9}},"22":{"start":{"line":291,"column":12},"end":{"line":291,"column":22}},"23":{"start":{"line":295,"column":32},"end":{"line":301,"column":10}},"24":{"start":{"line":296,"column":32},"end":{"line":296,"column":76}},"25":{"start":{"line":297,"column":12},"end":{"line":300,"column":8}},"26":{"start":{"line":303,"column":8},"end":{"line":309,"column":2}},"27":{"start":{"line":326,"column":24},"end":{"line":326,"column":60}},"28":{"start":{"line":329,"column":34},"end":{"line":336,"column":10}},"29":{"start":{"line":338,"column":29},"end":{"line":338,"column":87}},"30":{"start":{"line":338,"column":63},"end":{"line":338,"column":86}},"31":{"start":{"line":340,"column":8},"end":{"line":346,"column":9}},"32":{"start":{"line":343,"column":12},"end":{"line":345,"column":15}},"33":{"start":{"line":344,"column":16},"end":{"line":344,"column":69}},"34":{"start":{"line":349,"column":8},"end":{"line":351,"column":20}},"35":{"start":{"line":354,"column":33},"end":{"line":354,"column":37}},"36":{"start":{"line":355,"column":8},"end":{"line":358,"column":9}},"37":{"start":{"line":356,"column":12},"end":{"line":357,"column":92}},"38":{"start":{"line":362,"column":8},"end":{"line":366,"column":15}},"39":{"start":{"line":365,"column":16},"end":{"line":365,"column":29}},"40":{"start":{"line":368,"column":8},"end":{"line":368,"column":25}},"41":{"start":{"line":388,"column":8},"end":{"line":393,"column":9}},"42":{"start":{"line":389,"column":12},"end":{"line":392,"column":14}},"43":{"start":{"line":396,"column":8},"end":{"line":401,"column":9}},"44":{"start":{"line":397,"column":12},"end":{"line":400,"column":14}},"45":{"start":{"line":404,"column":34},"end":{"line":411,"column":10}},"46":{"start":{"line":413,"column":29},"end":{"line":413,"column":84}},"47":{"start":{"line":413,"column":63},"end":{"line":413,"column":83}},"48":{"start":{"line":415,"column":8},"end":{"line":420,"column":9}},"49":{"start":{"line":416,"column":12},"end":{"line":419,"column":14}},"50":{"start":{"line":423,"column":32},"end":{"line":423,"column":60}},"51":{"start":{"line":424,"column":8},"end":{"line":429,"column":9}},"52":{"start":{"line":425,"column":12},"end":{"line":428,"column":14}},"53":{"start":{"line":432,"column":8},"end":{"line":435,"column":10}},"54":{"start":{"line":447,"column":32},"end":{"line":447,"column":34}},"55":{"start":{"line":449,"column":8},"end":{"line":451,"column":9}},"56":{"start":{"line":450,"column":12},"end":{"line":450,"column":41}},"57":{"start":{"line":453,"column":8},"end":{"line":455,"column":9}},"58":{"start":{"line":454,"column":12},"end":{"line":454,"column":39}},"59":{"start":{"line":457,"column":8},"end":{"line":459,"column":9}},"60":{"start":{"line":458,"column":12},"end":{"line":458,"column":36}},"61":{"start":{"line":461,"column":8},"end":{"line":461,"column":51}},"62":{"start":{"line":463,"column":8},"end":{"line":463,"column":34}},"63":{"start":{"line":36,"column":0},"end":{"line":36,"column":13}}},"fnMap":{"0":{"name":"(anonymous_0)","decl":{"start":{"line":47,"column":11},"end":{"line":47,"column":22}},"loc":{"start":{"line":49,"column":31},"end":{"line":76,"column":5}}},"1":{"name":"(anonymous_1)","decl":{"start":{"line":86,"column":11},"end":{"line":86,"column":28}},"loc":{"start":{"line":86,"column":28},"end":{"line":193,"column":5}}},"2":{"name":"(anonymous_2)","decl":{"start":{"line":203,"column":11},"end":{"line":203,"column":32}},"loc":{"start":{"line":203,"column":71},"end":{"line":240,"column":5}}},"3":{"name":"(anonymous_3)","decl":{"start":{"line":251,"column":11},"end":{"line":251,"column":30}},"loc":{"start":{"line":251,"column":61},"end":{"line":277,"column":5}}},"4":{"name":"(anonymous_4)","decl":{"start":{"line":261,"column":52},"end":{"line":261,"column":55}},"loc":{"start":{"line":261,"column":58},"end":{"line":268,"column":9}}},"5":{"name":"(anonymous_5)","decl":{"start":{"line":288,"column":11},"end":{"line":288,"column":27}},"loc":{"start":{"line":288,"column":45},"end":{"line":310,"column":5}}},"6":{"name":"(anonymous_6)","decl":{"start":{"line":295,"column":47},"end":{"line":295,"column":48}},"loc":{"start":{"line":295,"column":64},"end":{"line":301,"column":9}}},"7":{"name":"(anonymous_7)","decl":{"start":{"line":324,"column":11},"end":{"line":324,"column":24}},"loc":{"start":{"line":324,"column":37},"end":{"line":369,"column":5}}},"8":{"name":"(anonymous_8)","decl":{"start":{"line":338,"column":52},"end":{"line":338,"column":59}},"loc":{"start":{"line":338,"column":63},"end":{"line":338,"column":86}}},"9":{"name":"(anonymous_9)","decl":{"start":{"line":343,"column":38},"end":{"line":343,"column":45}},"loc":{"start":{"line":343,"column":48},"end":{"line":345,"column":13}}},"10":{"name":"(anonymous_10)","decl":{"start":{"line":363,"column":40},"end":{"line":363,"column":41}},"loc":{"start":{"line":363,"column":50},"end":{"line":366,"column":13}}},"11":{"name":"(anonymous_11)","decl":{"start":{"line":383,"column":11},"end":{"line":383,"column":25}},"loc":{"start":{"line":385,"column":36},"end":{"line":436,"column":5}}},"12":{"name":"(anonymous_12)","decl":{"start":{"line":413,"column":52},"end":{"line":413,"column":59}},"loc":{"start":{"line":413,"column":63},"end":{"line":413,"column":83}}},"13":{"name":"(anonymous_13)","decl":{"start":{"line":441,"column":12},"end":{"line":441,"column":29}},"loc":{"start":{"line":445,"column":23},"end":{"line":464,"column":5}}}},"branchMap":{"0":{"loc":{"start":{"line":253,"column":8},"end":{"line":255,"column":9}},"type":"if","locations":[{"start":{"line":253,"column":8},"end":{"line":255,"column":9}}]},"1":{"loc":{"start":{"line":253,"column":12},"end":{"line":253,"column":44}},"type":"binary-expr","locations":[{"start":{"line":253,"column":12},"end":{"line":253,"column":20}},{"start":{"line":253,"column":24},"end":{"line":253,"column":44}}]},"2":{"loc":{"start":{"line":262,"column":25},"end":{"line":262,"column":69}},"type":"cond-expr","locations":[{"start":{"line":262,"column":50},"end":{"line":262,"column":59}},{"start":{"line":262,"column":62},"end":{"line":262,"column":69}}]},"3":{"loc":{"start":{"line":264,"column":28},"end":{"line":266,"column":29}},"type":"cond-expr","locations":[{"start":{"line":265,"column":18},"end":{"line":265,"column":55}},{"start":{"line":266,"column":18},"end":{"line":266,"column":29}}]},"4":{"loc":{"start":{"line":290,"column":8},"end":{"line":292,"column":9}},"type":"if","locations":[{"start":{"line":290,"column":8},"end":{"line":292,"column":9}}]},"5":{"loc":{"start":{"line":290,"column":12},"end":{"line":290,"column":50}},"type":"binary-expr","locations":[{"start":{"line":290,"column":12},"end":{"line":290,"column":23}},{"start":{"line":290,"column":27},"end":{"line":290,"column":50}}]},"6":{"loc":{"start":{"line":296,"column":32},"end":{"line":296,"column":76}},"type":"cond-expr","locations":[{"start":{"line":296,"column":56},"end":{"line":296,"column":71}},{"start":{"line":296,"column":74},"end":{"line":296,"column":76}}]},"7":{"loc":{"start":{"line":340,"column":8},"end":{"line":346,"column":9}},"type":"if","locations":[{"start":{"line":340,"column":8},"end":{"line":346,"column":9}}]},"8":{"loc":{"start":{"line":355,"column":8},"end":{"line":358,"column":9}},"type":"if","locations":[{"start":{"line":355,"column":8},"end":{"line":358,"column":9}}]},"9":{"loc":{"start":{"line":388,"column":8},"end":{"line":393,"column":9}},"type":"if","locations":[{"start":{"line":388,"column":8},"end":{"line":393,"column":9}}]},"10":{"loc":{"start":{"line":396,"column":8},"end":{"line":401,"column":9}},"type":"if","locations":[{"start":{"line":396,"column":8},"end":{"line":401,"column":9}}]},"11":{"loc":{"start":{"line":415,"column":8},"end":{"line":420,"column":9}},"type":"if","locations":[{"start":{"line":415,"column":8},"end":{"line":420,"column":9}}]},"12":{"loc":{"start":{"line":424,"column":8},"end":{"line":429,"column":9}},"type":"if","locations":[{"start":{"line":424,"column":8},"end":{"line":429,"column":9}}]},"13":{"loc":{"start":{"line":449,"column":8},"end":{"line":451,"column":9}},"type":"if","locations":[{"start":{"line":449,"column":8},"end":{"line":451,"column":9}}]},"14":{"loc":{"start":{"line":453,"column":8},"end":{"line":455,"column":9}},"type":"if","locations":[{"start":{"line":453,"column":8},"end":{"line":455,"column":9}}]},"15":{"loc":{"start":{"line":457,"column":8},"end":{"line":459,"column":9}},"type":"if","locations":[{"start":{"line":457,"column":8},"end":{"line":459,"column":9}}]}},"s":{"0":50,"1":50,"2":19,"3":19,"4":19,"5":19,"6":19,"7":19,"8":19,"9":19,"10":23,"11":22,"12":22,"13":23,"14":16,"15":7,"16":7,"17":26,"18":26,"19":26,"20":7,"21":23,"22":17,"23":6,"24":7,"25":7,"26":6,"27":28,"28":28,"29":28,"30":154,"31":28,"32":4,"33":24,"34":28,"35":28,"36":28,"37":1,"38":28,"39":3,"40":28,"41":19,"42":1,"43":18,"44":1,"45":17,"46":17,"47":98,"48":17,"49":1,"50":16,"51":16,"52":1,"53":15,"54":19,"55":19,"56":19,"57":19,"58":4,"59":19,"60":3,"61":19,"62":19,"63":2},"f":{"0":19,"1":23,"2":22,"3":23,"4":26,"5":23,"6":7,"7":28,"8":154,"9":24,"10":3,"11":19,"12":98,"13":19},"b":{"0":[16],"1":[23,23],"2":[19,7],"3":[1,25],"4":[17],"5":[23,23],"6":[2,5],"7":[4],"8":[1],"9":[1],"10":[1],"11":[1],"12":[1],"13":[19],"14":[4],"15":[3]}}
,"C:\\Users\\kevin\\SOFTWARE DEVELOPMENT\\Repositories\\codetutorV2\\code-tutorv-v2\\src\\services\\ResponseFormatter.ts": {"path":"C:\\Users\\kevin\\SOFTWARE DEVELOPMENT\\Repositories\\codetutorV2\\code-tutorv-v2\\src\\services\\ResponseFormatter.ts","statementMap":{"0":{"start":{"line":20,"column":8},"end":{"line":20,"column":57}},"1":{"start":{"line":24,"column":24},"end":{"line":24,"column":34}},"2":{"start":{"line":25,"column":8},"end":{"line":25,"column":54}},"3":{"start":{"line":26,"column":8},"end":{"line":26,"column":50}},"4":{"start":{"line":27,"column":8},"end":{"line":27,"column":55}},"5":{"start":{"line":28,"column":8},"end":{"line":28,"column":54}},"6":{"start":{"line":30,"column":8},"end":{"line":30,"column":46}},"7":{"start":{"line":33,"column":8},"end":{"line":38,"column":9}},"8":{"start":{"line":34,"column":27},"end":{"line":34,"column":78}},"9":{"start":{"line":35,"column":12},"end":{"line":37,"column":13}},"10":{"start":{"line":36,"column":16},"end":{"line":36,"column":72}},"11":{"start":{"line":40,"column":8},"end":{"line":40,"column":25}},"12":{"start":{"line":45,"column":8},"end":{"line":45,"column":65}},"13":{"start":{"line":47,"column":8},"end":{"line":47,"column":65}},"14":{"start":{"line":49,"column":8},"end":{"line":49,"column":55}},"15":{"start":{"line":50,"column":8},"end":{"line":50,"column":24}},"16":{"start":{"line":55,"column":8},"end":{"line":62,"column":10}},"17":{"start":{"line":58,"column":33},"end":{"line":58,"column":52}},"18":{"start":{"line":59,"column":36},"end":{"line":59,"column":47}},"19":{"start":{"line":60,"column":16},"end":{"line":60,"column":67}},"20":{"start":{"line":67,"column":22},"end":{"line":67,"column":23}},"21":{"start":{"line":68,"column":8},"end":{"line":76,"column":10}},"22":{"start":{"line":71,"column":16},"end":{"line":71,"column":26}},"23":{"start":{"line":72,"column":33},"end":{"line":72,"column":47}},"24":{"start":{"line":73,"column":30},"end":{"line":73,"column":97}},"25":{"start":{"line":74,"column":16},"end":{"line":74,"column":37}},"26":{"start":{"line":82,"column":27},"end":{"line":82,"column":28}},"27":{"start":{"line":84,"column":8},"end":{"line":102,"column":10}},"28":{"start":{"line":87,"column":38},"end":{"line":87,"column":51}},"29":{"start":{"line":89,"column":16},"end":{"line":93,"column":17}},"30":{"start":{"line":91,"column":20},"end":{"line":91,"column":49}},"31":{"start":{"line":92,"column":20},"end":{"line":92,"column":33}},"32":{"start":{"line":96,"column":35},"end":{"line":96,"column":64}},"33":{"start":{"line":97,"column":36},"end":{"line":97,"column":71}},"34":{"start":{"line":99,"column":16},"end":{"line":99,"column":43}},"35":{"start":{"line":100,"column":16},"end":{"line":100,"column":60}},"36":{"start":{"line":106,"column":35},"end":{"line":106,"column":37}},"37":{"start":{"line":109,"column":8},"end":{"line":111,"column":9}},"38":{"start":{"line":110,"column":12},"end":{"line":110,"column":89}},"39":{"start":{"line":114,"column":8},"end":{"line":116,"column":9}},"40":{"start":{"line":115,"column":12},"end":{"line":115,"column":101}},"41":{"start":{"line":119,"column":8},"end":{"line":121,"column":9}},"42":{"start":{"line":120,"column":12},"end":{"line":120,"column":73}},"43":{"start":{"line":16,"column":0},"end":{"line":16,"column":13}}},"fnMap":{"0":{"name":"(anonymous_0)","decl":{"start":{"line":19,"column":4},"end":{"line":19,"column":16}},"loc":{"start":{"line":19,"column":59},"end":{"line":21,"column":5}}},"1":{"name":"(anonymous_1)","decl":{"start":{"line":23,"column":11},"end":{"line":23,"column":25}},"loc":{"start":{"line":23,"column":44},"end":{"line":41,"column":5}}},"2":{"name":"(anonymous_2)","decl":{"start":{"line":43,"column":11},"end":{"line":43,"column":28}},"loc":{"start":{"line":43,"column":45},"end":{"line":51,"column":5}}},"3":{"name":"(anonymous_3)","decl":{"start":{"line":54,"column":11},"end":{"line":54,"column":24}},"loc":{"start":{"line":54,"column":41},"end":{"line":63,"column":5}}},"4":{"name":"(anonymous_4)","decl":{"start":{"line":57,"column":12},"end":{"line":57,"column":13}},"loc":{"start":{"line":57,"column":34},"end":{"line":61,"column":13}}},"5":{"name":"(anonymous_5)","decl":{"start":{"line":66,"column":11},"end":{"line":66,"column":29}},"loc":{"start":{"line":66,"column":46},"end":{"line":77,"column":5}}},"6":{"name":"(anonymous_6)","decl":{"start":{"line":70,"column":12},"end":{"line":70,"column":13}},"loc":{"start":{"line":70,"column":28},"end":{"line":75,"column":13}}},"7":{"name":"(anonymous_7)","decl":{"start":{"line":79,"column":11},"end":{"line":79,"column":28}},"loc":{"start":{"line":79,"column":45},"end":{"line":103,"column":5}}},"8":{"name":"(anonymous_8)","decl":{"start":{"line":86,"column":12},"end":{"line":86,"column":13}},"loc":{"start":{"line":86,"column":36},"end":{"line":101,"column":13}}},"9":{"name":"(anonymous_9)","decl":{"start":{"line":105,"column":11},"end":{"line":105,"column":32}},"loc":{"start":{"line":105,"column":49},"end":{"line":122,"column":5}}}},"branchMap":{"0":{"loc":{"start":{"line":33,"column":8},"end":{"line":38,"column":9}},"type":"if","locations":[{"start":{"line":33,"column":8},"end":{"line":38,"column":9}}]},"1":{"loc":{"start":{"line":35,"column":12},"end":{"line":37,"column":13}},"type":"if","locations":[{"start":{"line":35,"column":12},"end":{"line":37,"column":13}}]},"2":{"loc":{"start":{"line":58,"column":33},"end":{"line":58,"column":52}},"type":"binary-expr","locations":[{"start":{"line":58,"column":33},"end":{"line":58,"column":37}},{"start":{"line":58,"column":41},"end":{"line":58,"column":52}}]},"3":{"loc":{"start":{"line":72,"column":33},"end":{"line":72,"column":47}},"type":"binary-expr","locations":[{"start":{"line":72,"column":33},"end":{"line":72,"column":37}},{"start":{"line":72,"column":41},"end":{"line":72,"column":47}}]},"4":{"loc":{"start":{"line":73,"column":45},"end":{"line":73,"column":77}},"type":"cond-expr","locations":[{"start":{"line":73,"column":59},"end":{"line":73,"column":72}},{"start":{"line":73,"column":75},"end":{"line":73,"column":77}}]},"5":{"loc":{"start":{"line":89,"column":16},"end":{"line":93,"column":17}},"type":"if","locations":[{"start":{"line":89,"column":16},"end":{"line":93,"column":17}}]},"6":{"loc":{"start":{"line":109,"column":8},"end":{"line":111,"column":9}},"type":"if","locations":[{"start":{"line":109,"column":8},"end":{"line":111,"column":9}}]},"7":{"loc":{"start":{"line":114,"column":8},"end":{"line":116,"column":9}},"type":"if","locations":[{"start":{"line":114,"column":8},"end":{"line":116,"column":9}}]},"8":{"loc":{"start":{"line":119,"column":8},"end":{"line":121,"column":9}},"type":"if","locations":[{"start":{"line":119,"column":8},"end":{"line":121,"column":9}}]}},"s":{"0":40,"1":19,"2":19,"3":19,"4":19,"5":19,"6":19,"7":19,"8":0,"9":0,"10":0,"11":19,"12":23,"13":23,"14":23,"15":23,"16":22,"17":7,"18":7,"19":7,"20":22,"21":22,"22":8,"23":8,"24":8,"25":8,"26":22,"27":22,"28":8,"29":8,"30":5,"31":5,"32":3,"33":3,"34":3,"35":3,"36":22,"37":22,"38":1,"39":22,"40":1,"41":22,"42":2,"43":2},"f":{"0":40,"1":19,"2":23,"3":22,"4":7,"5":22,"6":8,"7":22,"8":8,"9":22},"b":{"0":[0],"1":[0],"2":[7,2],"3":[8,0],"4":[2,6],"5":[5],"6":[1],"7":[1],"8":[2]}}
,"C:\\Users\\kevin\\SOFTWARE DEVELOPMENT\\Repositories\\codetutorV2\\code-tutorv-v2\\src\\services\\StudentContextManager.ts": {"path":"C:\\Users\\kevin\\SOFTWARE DEVELOPMENT\\Repositories\\codetutorV2\\code-tutorv-v2\\src\\services\\StudentContextManager.ts","statementMap":{"0":{"start":{"line":13,"column":0},"end":{"line":13,"column":33}},"1":{"start":{"line":36,"column":51},"end":{"line":36,"column":55}},"2":{"start":{"line":37,"column":43},"end":{"line":37,"column":69}},"3":{"start":{"line":38,"column":42},"end":{"line":38,"column":44}},"4":{"start":{"line":41,"column":8},"end":{"line":41,"column":31}},"5":{"start":{"line":42,"column":8},"end":{"line":42,"column":31}},"6":{"start":{"line":51,"column":8},"end":{"line":56,"column":9}},"7":{"start":{"line":53,"column":32},"end":{"line":53,"column":59}},"8":{"start":{"line":54,"column":12},"end":{"line":54,"column":97}},"9":{"start":{"line":55,"column":12},"end":{"line":55,"column":38}},"10":{"start":{"line":59,"column":29},"end":{"line":60,"column":null}},"11":{"start":{"line":63,"column":8},"end":{"line":73,"column":9}},"12":{"start":{"line":65,"column":32},"end":{"line":65,"column":59}},"13":{"start":{"line":66,"column":12},"end":{"line":69,"column":14}},"14":{"start":{"line":72,"column":12},"end":{"line":72,"column":57}},"15":{"start":{"line":75,"column":8},"end":{"line":75,"column":34}},"16":{"start":{"line":86,"column":57},"end":{"line":89,"column":10}},"17":{"start":{"line":92,"column":8},"end":{"line":92,"column":53}},"18":{"start":{"line":95,"column":24},"end":{"line":95,"column":47}},"19":{"start":{"line":96,"column":8},"end":{"line":96,"column":62}},"20":{"start":{"line":99,"column":8},"end":{"line":101,"column":9}},"21":{"start":{"line":100,"column":12},"end":{"line":100,"column":102}},"22":{"start":{"line":103,"column":8},"end":{"line":103,"column":43}},"23":{"start":{"line":106,"column":8},"end":{"line":106,"column":40}},"24":{"start":{"line":116,"column":24},"end":{"line":116,"column":47}},"25":{"start":{"line":117,"column":8},"end":{"line":117,"column":38}},"26":{"start":{"line":118,"column":8},"end":{"line":118,"column":43}},"27":{"start":{"line":120,"column":8},"end":{"line":120,"column":40}},"28":{"start":{"line":128,"column":25},"end":{"line":128,"column":60}},"29":{"start":{"line":129,"column":8},"end":{"line":129,"column":24}},"30":{"start":{"line":138,"column":24},"end":{"line":138,"column":47}},"31":{"start":{"line":139,"column":8},"end":{"line":142,"column":10}},"32":{"start":{"line":143,"column":8},"end":{"line":143,"column":43}},"33":{"start":{"line":145,"column":8},"end":{"line":145,"column":40}},"34":{"start":{"line":152,"column":8},"end":{"line":152,"column":35}},"35":{"start":{"line":154,"column":24},"end":{"line":154,"column":47}},"36":{"start":{"line":155,"column":8},"end":{"line":155,"column":41}},"37":{"start":{"line":156,"column":8},"end":{"line":156,"column":43}},"38":{"start":{"line":158,"column":8},"end":{"line":158,"column":40}},"39":{"start":{"line":165,"column":8},"end":{"line":165,"column":45}},"40":{"start":{"line":167,"column":24},"end":{"line":167,"column":47}},"41":{"start":{"line":168,"column":8},"end":{"line":168,"column":53}},"42":{"start":{"line":169,"column":8},"end":{"line":169,"column":41}},"43":{"start":{"line":170,"column":8},"end":{"line":170,"column":43}},"44":{"start":{"line":172,"column":8},"end":{"line":172,"column":40}},"45":{"start":{"line":179,"column":8},"end":{"line":179,"column":39}},"46":{"start":{"line":180,"column":8},"end":{"line":180,"column":83}},"47":{"start":{"line":181,"column":8},"end":{"line":181,"column":34}},"48":{"start":{"line":188,"column":8},"end":{"line":194,"column":11}},"49":{"start":{"line":196,"column":8},"end":{"line":196,"column":37}},"50":{"start":{"line":204,"column":23},"end":{"line":204,"column":69}},"51":{"start":{"line":205,"column":32},"end":{"line":207,"column":null}},"52":{"start":{"line":210,"column":8},"end":{"line":220,"column":10}},"53":{"start":{"line":227,"column":26},"end":{"line":227,"column":36}},"54":{"start":{"line":228,"column":23},"end":{"line":228,"column":65}},"55":{"start":{"line":229,"column":8},"end":{"line":229,"column":48}},"56":{"start":{"line":33,"column":0},"end":{"line":33,"column":13}}},"fnMap":{"0":{"name":"(anonymous_9)","decl":{"start":{"line":40,"column":4},"end":{"line":40,"column":16}},"loc":{"start":{"line":40,"column":78},"end":{"line":43,"column":5}}},"1":{"name":"(anonymous_10)","decl":{"start":{"line":49,"column":11},"end":{"line":49,"column":16}},"loc":{"start":{"line":49,"column":27},"end":{"line":76,"column":5}}},"2":{"name":"(anonymous_11)","decl":{"start":{"line":82,"column":11},"end":{"line":82,"column":16}},"loc":{"start":{"line":85,"column":5},"end":{"line":107,"column":5}}},"3":{"name":"(anonymous_12)","decl":{"start":{"line":113,"column":11},"end":{"line":113,"column":16}},"loc":{"start":{"line":114,"column":55},"end":{"line":121,"column":5}}},"4":{"name":"(anonymous_13)","decl":{"start":{"line":127,"column":11},"end":{"line":127,"column":16}},"loc":{"start":{"line":127,"column":52},"end":{"line":130,"column":5}}},"5":{"name":"(anonymous_14)","decl":{"start":{"line":135,"column":11},"end":{"line":135,"column":16}},"loc":{"start":{"line":136,"column":48},"end":{"line":146,"column":5}}},"6":{"name":"(anonymous_15)","decl":{"start":{"line":151,"column":11},"end":{"line":151,"column":16}},"loc":{"start":{"line":151,"column":29},"end":{"line":159,"column":5}}},"7":{"name":"(anonymous_16)","decl":{"start":{"line":164,"column":11},"end":{"line":164,"column":16}},"loc":{"start":{"line":164,"column":32},"end":{"line":173,"column":5}}},"8":{"name":"(anonymous_17)","decl":{"start":{"line":178,"column":11},"end":{"line":178,"column":16}},"loc":{"start":{"line":178,"column":25},"end":{"line":182,"column":5}}},"9":{"name":"(anonymous_18)","decl":{"start":{"line":187,"column":12},"end":{"line":187,"column":17}},"loc":{"start":{"line":187,"column":53},"end":{"line":197,"column":5}}},"10":{"name":"(anonymous_19)","decl":{"start":{"line":202,"column":12},"end":{"line":202,"column":28}},"loc":{"start":{"line":202,"column":28},"end":{"line":221,"column":5}}},"11":{"name":"(anonymous_20)","decl":{"start":{"line":226,"column":12},"end":{"line":226,"column":29}},"loc":{"start":{"line":226,"column":29},"end":{"line":230,"column":5}}}},"branchMap":{"0":{"loc":{"start":{"line":51,"column":8},"end":{"line":56,"column":9}},"type":"if","locations":[{"start":{"line":51,"column":8},"end":{"line":56,"column":9}}]},"1":{"loc":{"start":{"line":63,"column":8},"end":{"line":73,"column":9}},"type":"if","locations":[{"start":{"line":63,"column":8},"end":{"line":73,"column":9}},{"start":{"line":70,"column":15},"end":{"line":73,"column":9}}]},"2":{"loc":{"start":{"line":99,"column":8},"end":{"line":101,"column":9}},"type":"if","locations":[{"start":{"line":99,"column":8},"end":{"line":101,"column":9}}]},"3":{"loc":{"start":{"line":127,"column":34},"end":{"line":127,"column":52}},"type":"default-arg","locations":[{"start":{"line":127,"column":50},"end":{"line":127,"column":52}}]}},"s":{"0":2,"1":37,"2":37,"3":37,"4":37,"5":37,"6":189,"7":156,"8":156,"9":156,"10":33,"11":33,"12":2,"13":2,"14":31,"15":33,"16":140,"17":140,"18":140,"19":140,"20":140,"21":11,"22":140,"23":140,"24":9,"25":9,"26":9,"27":9,"28":3,"29":3,"30":3,"31":3,"32":3,"33":3,"34":1,"35":1,"36":1,"37":1,"38":1,"39":1,"40":1,"41":1,"42":1,"43":1,"44":1,"45":1,"46":1,"47":1,"48":154,"49":154,"50":31,"51":31,"52":31,"53":32,"54":32,"55":32,"56":2},"f":{"0":37,"1":189,"2":140,"3":9,"4":3,"5":3,"6":1,"7":1,"8":1,"9":154,"10":31,"11":32},"b":{"0":[156],"1":[2,31],"2":[11],"3":[1]}}
,"C:\\Users\\kevin\\SOFTWARE DEVELOPMENT\\Repositories\\codetutorV2\\code-tutorv-v2\\src\\services\\chatParticipantProvider.ts": {"path":"C:\\Users\\kevin\\SOFTWARE DEVELOPMENT\\Repositories\\codetutorV2\\code-tutorv-v2\\src\\services\\chatParticipantProvider.ts","statementMap":{"0":{"start":{"line":15,"column":0},"end":{"line":15,"column":33}},"1":{"start":{"line":20,"column":0},"end":{"line":20,"column":48}},"2":{"start":{"line":36,"column":8},"end":{"line":36,"column":45}},"3":{"start":{"line":37,"column":8},"end":{"line":37,"column":45}},"4":{"start":{"line":38,"column":8},"end":{"line":38,"column":43}},"5":{"start":{"line":39,"column":8},"end":{"line":39,"column":51}},"6":{"start":{"line":40,"column":8},"end":{"line":40,"column":56}},"7":{"start":{"line":48,"column":8},"end":{"line":74,"column":9}},"8":{"start":{"line":50,"column":31},"end":{"line":63,"column":null}},"9":{"start":{"line":53,"column":34},"end":{"line":56,"column":22}},"10":{"start":{"line":58,"column":20},"end":{"line":60,"column":21}},"11":{"start":{"line":59,"column":24},"end":{"line":59,"column":31}},"12":{"start":{"line":62,"column":20},"end":{"line":62,"column":49}},"13":{"start":{"line":66,"column":12},"end":{"line":66,"column":51}},"14":{"start":{"line":68,"column":12},"end":{"line":68,"column":81}},"15":{"start":{"line":70,"column":12},"end":{"line":70,"column":69}},"16":{"start":{"line":71,"column":12},"end":{"line":73,"column":14}},"17":{"start":{"line":91,"column":26},"end":{"line":91,"column":36}},"18":{"start":{"line":93,"column":8},"end":{"line":128,"column":9}},"19":{"start":{"line":94,"column":12},"end":{"line":94,"column":60}},"20":{"start":{"line":97,"column":12},"end":{"line":97,"column":57}},"21":{"start":{"line":98,"column":27},"end":{"line":98,"column":62}},"22":{"start":{"line":101,"column":12},"end":{"line":101,"column":65}},"23":{"start":{"line":102,"column":35},"end":{"line":102,"column":64}},"24":{"start":{"line":105,"column":12},"end":{"line":105,"column":60}},"25":{"start":{"line":106,"column":32},"end":{"line":106,"column":59}},"26":{"start":{"line":107,"column":12},"end":{"line":110,"column":13}},"27":{"start":{"line":108,"column":16},"end":{"line":108,"column":81}},"28":{"start":{"line":109,"column":16},"end":{"line":109,"column":23}},"29":{"start":{"line":113,"column":12},"end":{"line":113,"column":61}},"30":{"start":{"line":114,"column":29},"end":{"line":114,"column":74}},"31":{"start":{"line":117,"column":12},"end":{"line":117,"column":65}},"32":{"start":{"line":118,"column":12},"end":{"line":118,"column":65}},"33":{"start":{"line":121,"column":12},"end":{"line":121,"column":60}},"34":{"start":{"line":122,"column":12},"end":{"line":122,"column":49}},"35":{"start":{"line":124,"column":29},"end":{"line":124,"column":51}},"36":{"start":{"line":125,"column":12},"end":{"line":125,"column":73}},"37":{"start":{"line":127,"column":12},"end":{"line":127,"column":36}},"38":{"start":{"line":135,"column":8},"end":{"line":148,"column":9}},"39":{"start":{"line":136,"column":12},"end":{"line":136,"column":64}},"40":{"start":{"line":138,"column":12},"end":{"line":138,"column":59}},"41":{"start":{"line":140,"column":12},"end":{"line":147,"column":14}},"42":{"start":{"line":155,"column":8},"end":{"line":160,"column":9}},"43":{"start":{"line":156,"column":12},"end":{"line":156,"column":58}},"44":{"start":{"line":158,"column":12},"end":{"line":158,"column":67}},"45":{"start":{"line":159,"column":12},"end":{"line":159,"column":87}},"46":{"start":{"line":167,"column":8},"end":{"line":172,"column":9}},"47":{"start":{"line":168,"column":12},"end":{"line":171,"column":14}},"48":{"start":{"line":174,"column":8},"end":{"line":179,"column":9}},"49":{"start":{"line":175,"column":12},"end":{"line":178,"column":14}},"50":{"start":{"line":181,"column":8},"end":{"line":181,"column":48}},"51":{"start":{"line":189,"column":8},"end":{"line":192,"column":11}},"52":{"start":{"line":195,"column":8},"end":{"line":198,"column":11}},"53":{"start":{"line":201,"column":8},"end":{"line":201,"column":55}},"54":{"start":{"line":203,"column":8},"end":{"line":203,"column":65}},"55":{"start":{"line":210,"column":8},"end":{"line":226,"column":9}},"56":{"start":{"line":211,"column":12},"end":{"line":214,"column":15}},"57":{"start":{"line":216,"column":12},"end":{"line":219,"column":15}},"58":{"start":{"line":221,"column":12},"end":{"line":221,"column":67}},"59":{"start":{"line":223,"column":12},"end":{"line":225,"column":14}},"60":{"start":{"line":233,"column":8},"end":{"line":233,"column":55}},"61":{"start":{"line":240,"column":8},"end":{"line":240,"column":55}},"62":{"start":{"line":242,"column":29},"end":{"line":242,"column":100}},"63":{"start":{"line":244,"column":8},"end":{"line":246,"column":10}},"64":{"start":{"line":262,"column":28},"end":{"line":262,"column":75}},"65":{"start":{"line":265,"column":28},"end":{"line":267,"column":null}},"66":{"start":{"line":270,"column":8},"end":{"line":272,"column":9}},"67":{"start":{"line":271,"column":12},"end":{"line":271,"column":39}},"68":{"start":{"line":276,"column":8},"end":{"line":276,"column":90}},"69":{"start":{"line":290,"column":23},"end":{"line":290,"column":93}},"70":{"start":{"line":295,"column":8},"end":{"line":314,"column":9}},"71":{"start":{"line":296,"column":30},"end":{"line":296,"column":65}},"72":{"start":{"line":297,"column":12},"end":{"line":297,"column":125}},"73":{"start":{"line":301,"column":12},"end":{"line":313,"column":13}},"74":{"start":{"line":303,"column":20},"end":{"line":303,"column":106}},"75":{"start":{"line":304,"column":20},"end":{"line":304,"column":26}},"76":{"start":{"line":306,"column":20},"end":{"line":306,"column":108}},"77":{"start":{"line":307,"column":20},"end":{"line":307,"column":26}},"78":{"start":{"line":309,"column":20},"end":{"line":309,"column":104}},"79":{"start":{"line":310,"column":20},"end":{"line":310,"column":26}},"80":{"start":{"line":312,"column":20},"end":{"line":312,"column":104}},"81":{"start":{"line":323,"column":8},"end":{"line":323,"column":66}},"82":{"start":{"line":334,"column":23},"end":{"line":334,"column":54}},"83":{"start":{"line":336,"column":8},"end":{"line":342,"column":9}},"84":{"start":{"line":337,"column":12},"end":{"line":337,"column":115}},"85":{"start":{"line":338,"column":15},"end":{"line":342,"column":9}},"86":{"start":{"line":339,"column":12},"end":{"line":339,"column":123}},"87":{"start":{"line":341,"column":12},"end":{"line":341,"column":114}},"88":{"start":{"line":349,"column":8},"end":{"line":355,"column":9}},"89":{"start":{"line":350,"column":12},"end":{"line":350,"column":128}},"90":{"start":{"line":351,"column":15},"end":{"line":355,"column":9}},"91":{"start":{"line":352,"column":12},"end":{"line":352,"column":128}},"92":{"start":{"line":354,"column":12},"end":{"line":354,"column":144}},"93":{"start":{"line":362,"column":8},"end":{"line":368,"column":9}},"94":{"start":{"line":363,"column":12},"end":{"line":363,"column":96}},"95":{"start":{"line":364,"column":15},"end":{"line":368,"column":9}},"96":{"start":{"line":365,"column":12},"end":{"line":365,"column":103}},"97":{"start":{"line":367,"column":12},"end":{"line":367,"column":117}},"98":{"start":{"line":375,"column":8},"end":{"line":381,"column":9}},"99":{"start":{"line":376,"column":12},"end":{"line":376,"column":110}},"100":{"start":{"line":377,"column":15},"end":{"line":381,"column":9}},"101":{"start":{"line":378,"column":12},"end":{"line":378,"column":113}},"102":{"start":{"line":380,"column":12},"end":{"line":380,"column":121}},"103":{"start":{"line":388,"column":8},"end":{"line":394,"column":9}},"104":{"start":{"line":389,"column":12},"end":{"line":389,"column":142}},"105":{"start":{"line":390,"column":15},"end":{"line":394,"column":9}},"106":{"start":{"line":391,"column":12},"end":{"line":391,"column":101}},"107":{"start":{"line":393,"column":12},"end":{"line":393,"column":101}},"108":{"start":{"line":401,"column":8},"end":{"line":401,"column":53}},"109":{"start":{"line":22,"column":0},"end":{"line":22,"column":13}}},"fnMap":{"0":{"name":"(anonymous_9)","decl":{"start":{"line":29,"column":4},"end":{"line":29,"column":null}},"loc":{"start":{"line":34,"column":40},"end":{"line":41,"column":5}}},"1":{"name":"(anonymous_10)","decl":{"start":{"line":47,"column":11},"end":{"line":47,"column":19}},"loc":{"start":{"line":47,"column":52},"end":{"line":75,"column":5}}},"2":{"name":"(anonymous_11)","decl":{"start":{"line":52,"column":16},"end":{"line":52,"column":21}},"loc":{"start":{"line":52,"column":27},"end":{"line":63,"column":17}}},"3":{"name":"(anonymous_12)","decl":{"start":{"line":90,"column":11},"end":{"line":90,"column":16}},"loc":{"start":{"line":90,"column":46},"end":{"line":129,"column":5}}},"4":{"name":"(anonymous_13)","decl":{"start":{"line":134,"column":12},"end":{"line":134,"column":30}},"loc":{"start":{"line":134,"column":49},"end":{"line":149,"column":5}}},"5":{"name":"(anonymous_14)","decl":{"start":{"line":154,"column":12},"end":{"line":154,"column":17}},"loc":{"start":{"line":154,"column":34},"end":{"line":161,"column":5}}},"6":{"name":"(anonymous_15)","decl":{"start":{"line":166,"column":12},"end":{"line":166,"column":26}},"loc":{"start":{"line":166,"column":48},"end":{"line":182,"column":5}}},"7":{"name":"(anonymous_16)","decl":{"start":{"line":187,"column":12},"end":{"line":187,"column":17}},"loc":{"start":{"line":187,"column":79},"end":{"line":204,"column":5}}},"8":{"name":"(anonymous_17)","decl":{"start":{"line":209,"column":12},"end":{"line":209,"column":17}},"loc":{"start":{"line":209,"column":87},"end":{"line":227,"column":5}}},"9":{"name":"(anonymous_18)","decl":{"start":{"line":232,"column":12},"end":{"line":232,"column":17}},"loc":{"start":{"line":232,"column":50},"end":{"line":234,"column":5}}},"10":{"name":"(anonymous_19)","decl":{"start":{"line":239,"column":12},"end":{"line":239,"column":23}},"loc":{"start":{"line":239,"column":38},"end":{"line":247,"column":5}}},"11":{"name":"(anonymous_20)","decl":{"start":{"line":260,"column":12},"end":{"line":260,"column":28}},"loc":{"start":{"line":260,"column":75},"end":{"line":277,"column":5}}},"12":{"name":"(anonymous_21)","decl":{"start":{"line":285,"column":12},"end":{"line":285,"column":39}},"loc":{"start":{"line":288,"column":26},"end":{"line":324,"column":5}}},"13":{"name":"(anonymous_22)","decl":{"start":{"line":329,"column":12},"end":{"line":329,"column":32}},"loc":{"start":{"line":332,"column":46},"end":{"line":343,"column":5}}},"14":{"name":"(anonymous_23)","decl":{"start":{"line":348,"column":12},"end":{"line":348,"column":37}},"loc":{"start":{"line":348,"column":76},"end":{"line":356,"column":5}}},"15":{"name":"(anonymous_24)","decl":{"start":{"line":361,"column":12},"end":{"line":361,"column":39}},"loc":{"start":{"line":361,"column":78},"end":{"line":369,"column":5}}},"16":{"name":"(anonymous_25)","decl":{"start":{"line":374,"column":12},"end":{"line":374,"column":35}},"loc":{"start":{"line":374,"column":74},"end":{"line":382,"column":5}}},"17":{"name":"(anonymous_26)","decl":{"start":{"line":387,"column":12},"end":{"line":387,"column":35}},"loc":{"start":{"line":387,"column":74},"end":{"line":395,"column":5}}},"18":{"name":"(anonymous_27)","decl":{"start":{"line":400,"column":12},"end":{"line":400,"column":17}},"loc":{"start":{"line":400,"column":51},"end":{"line":402,"column":5}}}},"branchMap":{"0":{"loc":{"start":{"line":58,"column":20},"end":{"line":60,"column":21}},"type":"if","locations":[{"start":{"line":58,"column":20},"end":{"line":60,"column":21}}]},"1":{"loc":{"start":{"line":107,"column":12},"end":{"line":110,"column":13}},"type":"if","locations":[{"start":{"line":107,"column":12},"end":{"line":110,"column":13}}]},"2":{"loc":{"start":{"line":167,"column":8},"end":{"line":172,"column":9}},"type":"if","locations":[{"start":{"line":167,"column":8},"end":{"line":172,"column":9}}]},"3":{"loc":{"start":{"line":174,"column":8},"end":{"line":179,"column":9}},"type":"if","locations":[{"start":{"line":174,"column":8},"end":{"line":179,"column":9}}]},"4":{"loc":{"start":{"line":242,"column":29},"end":{"line":242,"column":100}},"type":"cond-expr","locations":[{"start":{"line":242,"column":54},"end":{"line":242,"column":67}},{"start":{"line":242,"column":70},"end":{"line":242,"column":100}}]},"5":{"loc":{"start":{"line":270,"column":8},"end":{"line":272,"column":9}},"type":"if","locations":[{"start":{"line":270,"column":8},"end":{"line":272,"column":9}}]},"6":{"loc":{"start":{"line":295,"column":8},"end":{"line":314,"column":9}},"type":"if","locations":[{"start":{"line":295,"column":8},"end":{"line":314,"column":9}},{"start":{"line":300,"column":13},"end":{"line":314,"column":9}}]},"7":{"loc":{"start":{"line":295,"column":12},"end":{"line":295,"column":61}},"type":"binary-expr","locations":[{"start":{"line":295,"column":12},"end":{"line":295,"column":29}},{"start":{"line":295,"column":33},"end":{"line":295,"column":61}}]},"8":{"loc":{"start":{"line":301,"column":12},"end":{"line":313,"column":13}},"type":"switch","locations":[{"start":{"line":302,"column":16},"end":{"line":304,"column":26}},{"start":{"line":305,"column":16},"end":{"line":307,"column":26}},{"start":{"line":308,"column":16},"end":{"line":310,"column":26}},{"start":{"line":311,"column":16},"end":{"line":312,"column":104}}]},"9":{"loc":{"start":{"line":336,"column":8},"end":{"line":342,"column":9}},"type":"if","locations":[{"start":{"line":336,"column":8},"end":{"line":342,"column":9}},{"start":{"line":338,"column":15},"end":{"line":342,"column":9}}]},"10":{"loc":{"start":{"line":338,"column":15},"end":{"line":342,"column":9}},"type":"if","locations":[{"start":{"line":338,"column":15},"end":{"line":342,"column":9}},{"start":{"line":340,"column":15},"end":{"line":342,"column":9}}]},"11":{"loc":{"start":{"line":349,"column":8},"end":{"line":355,"column":9}},"type":"if","locations":[{"start":{"line":349,"column":8},"end":{"line":355,"column":9}},{"start":{"line":351,"column":15},"end":{"line":355,"column":9}}]},"12":{"loc":{"start":{"line":351,"column":15},"end":{"line":355,"column":9}},"type":"if","locations":[{"start":{"line":351,"column":15},"end":{"line":355,"column":9}},{"start":{"line":353,"column":15},"end":{"line":355,"column":9}}]},"13":{"loc":{"start":{"line":362,"column":8},"end":{"line":368,"column":9}},"type":"if","locations":[{"start":{"line":362,"column":8},"end":{"line":368,"column":9}},{"start":{"line":364,"column":15},"end":{"line":368,"column":9}}]},"14":{"loc":{"start":{"line":364,"column":15},"end":{"line":368,"column":9}},"type":"if","locations":[{"start":{"line":364,"column":15},"end":{"line":368,"column":9}},{"start":{"line":366,"column":15},"end":{"line":368,"column":9}}]},"15":{"loc":{"start":{"line":375,"column":8},"end":{"line":381,"column":9}},"type":"if","locations":[{"start":{"line":375,"column":8},"end":{"line":381,"column":9}},{"start":{"line":377,"column":15},"end":{"line":381,"column":9}}]},"16":{"loc":{"start":{"line":377,"column":15},"end":{"line":381,"column":9}},"type":"if","locations":[{"start":{"line":377,"column":15},"end":{"line":381,"column":9}},{"start":{"line":379,"column":15},"end":{"line":381,"column":9}}]},"17":{"loc":{"start":{"line":388,"column":8},"end":{"line":394,"column":9}},"type":"if","locations":[{"start":{"line":388,"column":8},"end":{"line":394,"column":9}},{"start":{"line":390,"column":15},"end":{"line":394,"column":9}}]},"18":{"loc":{"start":{"line":390,"column":15},"end":{"line":394,"column":9}},"type":"if","locations":[{"start":{"line":390,"column":15},"end":{"line":394,"column":9}},{"start":{"line":392,"column":15},"end":{"line":394,"column":9}}]}},"s":{"0":1,"1":1,"2":18,"3":18,"4":18,"5":18,"6":18,"7":3,"8":3,"9":0,"10":0,"11":0,"12":0,"13":3,"14":2,"15":1,"16":1,"17":17,"18":17,"19":17,"20":17,"21":17,"22":17,"23":17,"24":16,"25":16,"26":16,"27":2,"28":2,"29":14,"30":14,"31":14,"32":14,"33":14,"34":14,"35":14,"36":14,"37":1,"38":17,"39":17,"40":1,"41":1,"42":17,"43":17,"44":1,"45":1,"46":16,"47":1,"48":15,"49":1,"50":14,"51":2,"52":2,"53":2,"54":2,"55":14,"56":14,"57":13,"58":1,"59":1,"60":14,"61":1,"62":1,"63":1,"64":14,"65":14,"66":14,"67":0,"68":14,"69":14,"70":14,"71":2,"72":2,"73":12,"74":1,"75":1,"76":2,"77":2,"78":5,"79":5,"80":4,"81":14,"82":2,"83":2,"84":2,"85":0,"86":0,"87":0,"88":1,"89":1,"90":0,"91":0,"92":0,"93":2,"94":1,"95":1,"96":1,"97":0,"98":5,"99":3,"100":2,"101":0,"102":2,"103":4,"104":4,"105":0,"106":0,"107":0,"108":0,"109":1},"f":{"0":18,"1":3,"2":0,"3":17,"4":17,"5":17,"6":16,"7":2,"8":14,"9":14,"10":1,"11":14,"12":14,"13":2,"14":1,"15":2,"16":5,"17":4,"18":0},"b":{"0":[0],"1":[2],"2":[1],"3":[1],"4":[1,0],"5":[0],"6":[2,12],"7":[14,14],"8":[1,2,5,4],"9":[2,0],"10":[0,0],"11":[1,0],"12":[0,0],"13":[1,1],"14":[1,0],"15":[3,2],"16":[0,2],"17":[4,0],"18":[0,0]}}
,"C:\\Users\\kevin\\SOFTWARE DEVELOPMENT\\Repositories\\codetutorV2\\code-tutorv-v2\\src\\storage\\ConversationStorage.ts": {"path":"C:\\Users\\kevin\\SOFTWARE DEVELOPMENT\\Repositories\\codetutorV2\\code-tutorv-v2\\src\\storage\\ConversationStorage.ts","statementMap":{"0":{"start":{"line":32,"column":43},"end":{"line":32,"column":45}},"1":{"start":{"line":33,"column":35},"end":{"line":33,"column":60}},"2":{"start":{"line":34,"column":42},"end":{"line":34,"column":66}},"3":{"start":{"line":37,"column":8},"end":{"line":37,"column":31}},"4":{"start":{"line":38,"column":8},"end":{"line":38,"column":57}},"5":{"start":{"line":39,"column":8},"end":{"line":39,"column":34}},"6":{"start":{"line":47,"column":8},"end":{"line":47,"column":33}},"7":{"start":{"line":50,"column":8},"end":{"line":50,"column":43}},"8":{"start":{"line":57,"column":8},"end":{"line":57,"column":31}},"9":{"start":{"line":64,"column":8},"end":{"line":64,"column":40}},"10":{"start":{"line":71,"column":8},"end":{"line":71,"column":24}},"11":{"start":{"line":72,"column":8},"end":{"line":72,"column":43}},"12":{"start":{"line":80,"column":8},"end":{"line":80,"column":43}},"13":{"start":{"line":83,"column":8},"end":{"line":83,"column":57}},"14":{"start":{"line":84,"column":8},"end":{"line":84,"column":24}},"15":{"start":{"line":91,"column":28},"end":{"line":93,"column":null}},"16":{"start":{"line":95,"column":8},"end":{"line":95,"column":27}},"17":{"start":{"line":102,"column":25},"end":{"line":102,"column":52}},"18":{"start":{"line":103,"column":24},"end":{"line":103,"column":69}},"19":{"start":{"line":103,"column":43},"end":{"line":103,"column":68}},"20":{"start":{"line":105,"column":8},"end":{"line":108,"column":9}},"21":{"start":{"line":106,"column":12},"end":{"line":106,"column":46}},"22":{"start":{"line":107,"column":12},"end":{"line":107,"column":42}},"23":{"start":{"line":115,"column":25},"end":{"line":115,"column":52}},"24":{"start":{"line":116,"column":25},"end":{"line":116,"column":72}},"25":{"start":{"line":116,"column":46},"end":{"line":116,"column":71}},"26":{"start":{"line":117,"column":8},"end":{"line":117,"column":74}},"27":{"start":{"line":120,"column":8},"end":{"line":123,"column":9}},"28":{"start":{"line":121,"column":12},"end":{"line":121,"column":61}},"29":{"start":{"line":122,"column":12},"end":{"line":122,"column":28}},"30":{"start":{"line":131,"column":25},"end":{"line":131,"column":52}},"31":{"start":{"line":132,"column":20},"end":{"line":132,"column":30}},"32":{"start":{"line":133,"column":27},"end":{"line":133,"column":56}},"33":{"start":{"line":135,"column":31},"end":{"line":136,"column":null}},"34":{"start":{"line":136,"column":23},"end":{"line":136,"column":57}},"35":{"start":{"line":139,"column":29},"end":{"line":139,"column":68}},"36":{"start":{"line":141,"column":8},"end":{"line":143,"column":9}},"37":{"start":{"line":142,"column":12},"end":{"line":142,"column":84}},"38":{"start":{"line":145,"column":8},"end":{"line":145,"column":28}},"39":{"start":{"line":152,"column":25},"end":{"line":152,"column":52}},"40":{"start":{"line":153,"column":8},"end":{"line":153,"column":49}},"41":{"start":{"line":160,"column":8},"end":{"line":160,"column":68}},"42":{"start":{"line":161,"column":8},"end":{"line":161,"column":24}},"43":{"start":{"line":162,"column":8},"end":{"line":162,"column":57}},"44":{"start":{"line":169,"column":25},"end":{"line":169,"column":52}},"45":{"start":{"line":170,"column":31},"end":{"line":170,"column":88}},"46":{"start":{"line":170,"column":50},"end":{"line":170,"column":87}},"47":{"start":{"line":172,"column":8},"end":{"line":174,"column":9}},"48":{"start":{"line":173,"column":12},"end":{"line":173,"column":49}},"49":{"start":{"line":177,"column":8},"end":{"line":177,"column":29}},"50":{"start":{"line":184,"column":25},"end":{"line":184,"column":52}},"51":{"start":{"line":185,"column":30},"end":{"line":185,"column":92}},"52":{"start":{"line":185,"column":54},"end":{"line":185,"column":91}},"53":{"start":{"line":187,"column":45},"end":{"line":192,"column":10}},"54":{"start":{"line":194,"column":8},"end":{"line":200,"column":9}},"55":{"start":{"line":196,"column":12},"end":{"line":196,"column":46}},"56":{"start":{"line":199,"column":12},"end":{"line":199,"column":35}},"57":{"start":{"line":202,"column":8},"end":{"line":202,"column":74}},"58":{"start":{"line":209,"column":26},"end":{"line":209,"column":36}},"59":{"start":{"line":210,"column":23},"end":{"line":210,"column":65}},"60":{"start":{"line":211,"column":8},"end":{"line":211,"column":48}},"61":{"start":{"line":29,"column":0},"end":{"line":29,"column":13}}},"fnMap":{"0":{"name":"(anonymous_0)","decl":{"start":{"line":36,"column":4},"end":{"line":36,"column":16}},"loc":{"start":{"line":36,"column":48},"end":{"line":40,"column":5}}},"1":{"name":"(anonymous_1)","decl":{"start":{"line":45,"column":11},"end":{"line":45,"column":16}},"loc":{"start":{"line":45,"column":50},"end":{"line":51,"column":5}}},"2":{"name":"(anonymous_2)","decl":{"start":{"line":56,"column":11},"end":{"line":56,"column":16}},"loc":{"start":{"line":56,"column":23},"end":{"line":58,"column":5}}},"3":{"name":"(anonymous_3)","decl":{"start":{"line":63,"column":11},"end":{"line":63,"column":16}},"loc":{"start":{"line":63,"column":45},"end":{"line":65,"column":5}}},"4":{"name":"(anonymous_4)","decl":{"start":{"line":70,"column":11},"end":{"line":70,"column":16}},"loc":{"start":{"line":70,"column":22},"end":{"line":73,"column":5}}},"5":{"name":"(anonymous_5)","decl":{"start":{"line":78,"column":11},"end":{"line":78,"column":16}},"loc":{"start":{"line":78,"column":32},"end":{"line":85,"column":5}}},"6":{"name":"(anonymous_6)","decl":{"start":{"line":90,"column":11},"end":{"line":90,"column":16}},"loc":{"start":{"line":90,"column":31},"end":{"line":96,"column":5}}},"7":{"name":"(anonymous_7)","decl":{"start":{"line":101,"column":11},"end":{"line":101,"column":16}},"loc":{"start":{"line":101,"column":46},"end":{"line":109,"column":5}}},"8":{"name":"(anonymous_8)","decl":{"start":{"line":103,"column":38},"end":{"line":103,"column":39}},"loc":{"start":{"line":103,"column":43},"end":{"line":103,"column":68}}},"9":{"name":"(anonymous_9)","decl":{"start":{"line":114,"column":11},"end":{"line":114,"column":16}},"loc":{"start":{"line":114,"column":48},"end":{"line":124,"column":5}}},"10":{"name":"(anonymous_10)","decl":{"start":{"line":116,"column":41},"end":{"line":116,"column":42}},"loc":{"start":{"line":116,"column":46},"end":{"line":116,"column":71}}},"11":{"name":"(anonymous_11)","decl":{"start":{"line":130,"column":11},"end":{"line":130,"column":16}},"loc":{"start":{"line":130,"column":24},"end":{"line":146,"column":5}}},"12":{"name":"(anonymous_12)","decl":{"start":{"line":136,"column":12},"end":{"line":136,"column":19}},"loc":{"start":{"line":136,"column":23},"end":{"line":136,"column":57}}},"13":{"name":"(anonymous_13)","decl":{"start":{"line":151,"column":11},"end":{"line":151,"column":16}},"loc":{"start":{"line":151,"column":26},"end":{"line":154,"column":5}}},"14":{"name":"(anonymous_14)","decl":{"start":{"line":159,"column":11},"end":{"line":159,"column":16}},"loc":{"start":{"line":159,"column":26},"end":{"line":163,"column":5}}},"15":{"name":"(anonymous_15)","decl":{"start":{"line":168,"column":12},"end":{"line":168,"column":17}},"loc":{"start":{"line":168,"column":36},"end":{"line":178,"column":5}}},"16":{"name":"(anonymous_16)","decl":{"start":{"line":170,"column":45},"end":{"line":170,"column":46}},"loc":{"start":{"line":170,"column":50},"end":{"line":170,"column":87}}},"17":{"name":"(anonymous_17)","decl":{"start":{"line":183,"column":12},"end":{"line":183,"column":17}},"loc":{"start":{"line":183,"column":39},"end":{"line":203,"column":5}}},"18":{"name":"(anonymous_18)","decl":{"start":{"line":185,"column":49},"end":{"line":185,"column":50}},"loc":{"start":{"line":185,"column":54},"end":{"line":185,"column":91}}},"19":{"name":"(anonymous_19)","decl":{"start":{"line":208,"column":12},"end":{"line":208,"column":29}},"loc":{"start":{"line":208,"column":29},"end":{"line":212,"column":5}}}},"branchMap":{"0":{"loc":{"start":{"line":63,"column":27},"end":{"line":63,"column":45}},"type":"default-arg","locations":[{"start":{"line":63,"column":43},"end":{"line":63,"column":45}}]},"1":{"loc":{"start":{"line":105,"column":8},"end":{"line":108,"column":9}},"type":"if","locations":[{"start":{"line":105,"column":8},"end":{"line":108,"column":9}}]},"2":{"loc":{"start":{"line":120,"column":8},"end":{"line":123,"column":9}},"type":"if","locations":[{"start":{"line":120,"column":8},"end":{"line":123,"column":9}}]},"3":{"loc":{"start":{"line":141,"column":8},"end":{"line":143,"column":9}},"type":"if","locations":[{"start":{"line":141,"column":8},"end":{"line":143,"column":9}}]},"4":{"loc":{"start":{"line":172,"column":8},"end":{"line":174,"column":9}},"type":"if","locations":[{"start":{"line":172,"column":8},"end":{"line":174,"column":9}}]},"5":{"loc":{"start":{"line":190,"column":23},"end":{"line":190,"column":90}},"type":"cond-expr","locations":[{"start":{"line":190,"column":44},"end":{"line":190,"column":77}},{"start":{"line":190,"column":80},"end":{"line":190,"column":90}}]},"6":{"loc":{"start":{"line":194,"column":8},"end":{"line":200,"column":9}},"type":"if","locations":[{"start":{"line":194,"column":8},"end":{"line":200,"column":9}},{"start":{"line":197,"column":15},"end":{"line":200,"column":9}}]}},"s":{"0":49,"1":49,"2":49,"3":49,"4":49,"5":49,"6":197,"7":197,"8":164,"9":6,"10":2,"11":2,"12":4,"13":4,"14":4,"15":312,"16":312,"17":1,"18":1,"19":1,"20":1,"21":1,"22":1,"23":1,"24":1,"25":1,"26":1,"27":1,"28":1,"29":1,"30":51,"31":51,"32":51,"33":51,"34":3,"35":51,"36":51,"37":1,"38":51,"39":1,"40":1,"41":2,"42":2,"43":2,"44":49,"45":49,"46":0,"47":49,"48":0,"49":49,"50":203,"51":203,"52":168,"53":203,"54":203,"55":167,"56":36,"57":203,"58":56,"59":56,"60":56,"61":3},"f":{"0":49,"1":197,"2":164,"3":6,"4":2,"5":4,"6":312,"7":1,"8":1,"9":1,"10":1,"11":51,"12":3,"13":1,"14":2,"15":49,"16":0,"17":203,"18":168,"19":56},"b":{"0":[1],"1":[1],"2":[1],"3":[1],"4":[0],"5":[167,36],"6":[167,36]}}
}
