TN:
SF:src\extension.ts
FN:10,activate
FN:38,deactivate
FNF:2
FNH:0
FNDA:0,activate
FNDA:0,deactivate
DA:2,0
DA:3,0
DA:4,0
DA:5,0
DA:6,0
DA:7,0
DA:8,0
DA:10,0
DA:11,0
DA:14,0
DA:15,0
DA:16,0
DA:17,0
DA:20,0
DA:21,0
DA:23,0
DA:32,0
DA:34,0
DA:38,0
DA:39,0
LF:20
LH:0
BRF:0
BRH:0
end_of_record
TN:
SF:src\accessibility\accessibilityHandler.ts
FN:7,(anonymous_0)
FNF:1
FNH:0
FNDA:0,(anonymous_0)
DA:1,0
DA:7,0
LF:2
LH:0
BRF:0
BRH:0
end_of_record
TN:
SF:src\services\AccessibilityHandler.ts
FN:66,(anonymous_0)
FN:80,(anonymous_1)
FN:98,(anonymous_2)
FN:124,(anonymous_3)
FN:175,(anonymous_4)
FN:251,(anonymous_5)
FN:317,(anonymous_6)
FN:372,(anonymous_7)
FN:383,(anonymous_8)
FN:392,(anonymous_9)
FNF:10
FNH:8
FNDA:6,(anonymous_0)
FNDA:4,(anonymous_1)
FNDA:0,(anonymous_2)
FNDA:21,(anonymous_3)
FNDA:19,(anonymous_4)
FNDA:21,(anonymous_5)
FNDA:21,(anonymous_6)
FNDA:8,(anonymous_7)
FNDA:0,(anonymous_8)
FNDA:7,(anonymous_9)
DA:48,1
DA:67,6
DA:68,6
DA:70,6
DA:72,6
DA:73,5
DA:74,5
DA:75,5
DA:78,5
DA:79,2
DA:80,2
DA:81,4
DA:82,4
DA:83,4
DA:89,1
DA:90,1
DA:98,6
DA:100,6
DA:125,21
DA:128,21
DA:129,21
DA:131,20
DA:132,3
DA:140,20
DA:146,20
DA:147,51
DA:148,6
DA:153,6
DA:157,20
DA:176,19
DA:181,19
DA:182,19
DA:183,19
DA:185,19
DA:186,138
DA:187,138
DA:188,28
DA:190,14
DA:191,14
DA:193,8
DA:197,14
DA:202,19
DA:203,7
DA:211,19
DA:213,19
DA:215,19
DA:216,14
DA:217,14
DA:219,14
DA:220,1
DA:224,19
DA:225,1
DA:232,19
DA:252,21
DA:255,21
DA:256,21
DA:258,21
DA:259,95
DA:260,95
DA:261,95
DA:262,28
DA:271,21
DA:272,14
DA:274,14
DA:276,28
DA:277,7
DA:286,28
DA:287,0
DA:295,28
DA:299,21
DA:318,21
DA:321,21
DA:322,21
DA:333,21
DA:335,21
DA:336,13
DA:339,13
DA:340,11
DA:344,13
DA:345,0
DA:349,21
DA:350,9
DA:357,21
DA:373,8
DA:374,8
DA:377,8
DA:378,8
DA:379,8
DA:380,8
DA:383,8
DA:385,8
DA:392,7
LF:92
LH:90
BRDA:78,0,0,2
BRDA:82,1,0,4
BRDA:131,2,0,3
BRDA:131,3,0,20
BRDA:131,3,1,3
BRDA:147,4,0,6
BRDA:187,5,0,28
BRDA:188,6,0,14
BRDA:188,6,1,14
BRDA:191,7,0,8
BRDA:202,8,0,7
BRDA:219,9,0,1
BRDA:224,10,0,1
BRDA:261,11,0,28
BRDA:271,12,0,14
BRDA:276,13,0,7
BRDA:276,14,0,28
BRDA:276,14,1,14
BRDA:286,15,0,0
BRDA:339,16,0,11
BRDA:344,17,0,0
BRDA:344,18,0,13
BRDA:344,18,1,0
BRDA:349,19,0,9
BRF:24
BRH:21
end_of_record
TN:
SF:src\services\CopilotClient.ts
FN:11,(anonymous_0)
FN:21,(anonymous_1)
FNF:2
FNH:2
FNDA:20,(anonymous_0)
FNDA:1,(anonymous_1)
DA:8,2
DA:12,20
DA:24,1
LF:3
LH:3
BRF:0
BRH:0
end_of_record
TN:
SF:src\services\MessageHandler.ts
FN:39,(anonymous_0)
FN:66,(anonymous_1)
FN:89,(anonymous_2)
FN:115,(anonymous_3)
FN:126,(anonymous_4)
FN:133,(anonymous_5)
FN:142,(anonymous_6)
FN:148,(anonymous_7)
FN:149,(anonymous_8)
FN:158,(anonymous_9)
FNF:10
FNH:10
FNDA:50,(anonymous_0)
FNDA:50,(anonymous_1)
FNDA:50,(anonymous_2)
FNDA:50,(anonymous_3)
FNDA:328,(anonymous_4)
FNDA:50,(anonymous_5)
FNDA:231,(anonymous_6)
FNDA:50,(anonymous_7)
FNDA:11,(anonymous_8)
FNDA:11,(anonymous_9)
DA:32,2
DA:40,50
DA:41,50
DA:42,50
DA:43,50
DA:44,50
DA:45,50
DA:47,50
DA:67,50
DA:68,50
DA:72,50
DA:73,11
DA:74,11
DA:76,11
DA:82,50
DA:90,50
DA:93,50
DA:94,5
DA:98,45
DA:99,12
DA:103,33
DA:104,11
DA:108,22
DA:116,50
DA:126,328
DA:134,50
DA:142,231
DA:149,50
DA:151,50
DA:159,11
DA:182,11
DA:183,11
LF:32
LH:32
BRDA:73,0,0,11
BRDA:73,0,1,1
BRDA:93,1,0,5
BRDA:98,2,0,12
BRDA:103,3,0,11
BRDA:183,4,0,11
BRDA:183,4,1,8
BRF:7
BRH:7
end_of_record
TN:
SF:src\services\PromptBuilder.ts
FN:47,(anonymous_0)
FN:86,(anonymous_1)
FN:203,(anonymous_2)
FN:251,(anonymous_3)
FN:261,(anonymous_4)
FN:288,(anonymous_5)
FN:295,(anonymous_6)
FN:324,(anonymous_7)
FN:338,(anonymous_8)
FN:343,(anonymous_9)
FN:363,(anonymous_10)
FN:383,(anonymous_11)
FN:413,(anonymous_12)
FN:441,(anonymous_13)
FNF:14
FNH:14
FNDA:19,(anonymous_0)
FNDA:23,(anonymous_1)
FNDA:22,(anonymous_2)
FNDA:23,(anonymous_3)
FNDA:26,(anonymous_4)
FNDA:23,(anonymous_5)
FNDA:7,(anonymous_6)
FNDA:28,(anonymous_7)
FNDA:154,(anonymous_8)
FNDA:24,(anonymous_9)
FNDA:3,(anonymous_10)
FNDA:19,(anonymous_11)
FNDA:98,(anonymous_12)
FNDA:19,(anonymous_13)
DA:36,2
DA:37,50
DA:38,50
DA:52,19
DA:55,19
DA:56,19
DA:57,19
DA:58,19
DA:61,19
DA:69,19
DA:71,19
DA:87,23
DA:204,22
DA:239,22
DA:253,23
DA:254,16
DA:258,7
DA:261,7
DA:262,26
DA:264,26
DA:267,26
DA:270,7
DA:290,23
DA:291,17
DA:295,6
DA:296,7
DA:297,7
DA:303,6
DA:326,28
DA:329,28
DA:338,154
DA:340,28
DA:343,4
DA:344,24
DA:349,28
DA:354,28
DA:355,28
DA:356,1
DA:362,28
DA:365,3
DA:368,28
DA:388,19
DA:389,1
DA:396,18
DA:397,1
DA:404,17
DA:413,98
DA:415,17
DA:416,1
DA:423,16
DA:424,16
DA:425,1
DA:432,15
DA:447,19
DA:449,19
DA:450,19
DA:453,19
DA:454,4
DA:457,19
DA:458,3
DA:461,19
DA:463,19
LF:62
LH:62
BRDA:253,0,0,16
BRDA:253,1,0,23
BRDA:253,1,1,23
BRDA:262,2,0,19
BRDA:262,2,1,7
BRDA:264,3,0,1
BRDA:264,3,1,25
BRDA:290,4,0,17
BRDA:290,5,0,23
BRDA:290,5,1,23
BRDA:296,6,0,2
BRDA:296,6,1,5
BRDA:340,7,0,4
BRDA:355,8,0,1
BRDA:388,9,0,1
BRDA:396,10,0,1
BRDA:415,11,0,1
BRDA:424,12,0,1
BRDA:449,13,0,19
BRDA:453,14,0,4
BRDA:457,15,0,3
BRF:21
BRH:21
end_of_record
TN:
SF:src\services\ResponseFormatter.ts
FN:19,(anonymous_0)
FN:23,(anonymous_1)
FN:43,(anonymous_2)
FN:54,(anonymous_3)
FN:57,(anonymous_4)
FN:66,(anonymous_5)
FN:70,(anonymous_6)
FN:79,(anonymous_7)
FN:86,(anonymous_8)
FN:105,(anonymous_9)
FNF:10
FNH:10
FNDA:40,(anonymous_0)
FNDA:19,(anonymous_1)
FNDA:23,(anonymous_2)
FNDA:22,(anonymous_3)
FNDA:7,(anonymous_4)
FNDA:22,(anonymous_5)
FNDA:8,(anonymous_6)
FNDA:22,(anonymous_7)
FNDA:8,(anonymous_8)
FNDA:22,(anonymous_9)
DA:16,2
DA:20,40
DA:24,19
DA:25,19
DA:26,19
DA:27,19
DA:28,19
DA:30,19
DA:33,19
DA:34,0
DA:35,0
DA:36,0
DA:40,19
DA:45,23
DA:47,23
DA:49,23
DA:50,23
DA:55,22
DA:58,7
DA:59,7
DA:60,7
DA:67,22
DA:68,22
DA:71,8
DA:72,8
DA:73,8
DA:74,8
DA:82,22
DA:84,22
DA:87,8
DA:89,8
DA:91,5
DA:92,5
DA:96,3
DA:97,3
DA:99,3
DA:100,3
DA:106,22
DA:109,22
DA:110,1
DA:114,22
DA:115,1
DA:119,22
DA:120,2
LF:44
LH:41
BRDA:33,0,0,0
BRDA:35,1,0,0
BRDA:58,2,0,7
BRDA:58,2,1,2
BRDA:72,3,0,8
BRDA:72,3,1,0
BRDA:73,4,0,2
BRDA:73,4,1,6
BRDA:89,5,0,5
BRDA:109,6,0,1
BRDA:114,7,0,1
BRDA:119,8,0,2
BRF:12
BRH:9
end_of_record
TN:
SF:src\services\StudentContextManager.ts
FN:40,(anonymous_9)
FN:49,(anonymous_10)
FN:82,(anonymous_11)
FN:113,(anonymous_12)
FN:127,(anonymous_13)
FN:135,(anonymous_14)
FN:151,(anonymous_15)
FN:164,(anonymous_16)
FN:178,(anonymous_17)
FN:187,(anonymous_18)
FN:202,(anonymous_19)
FN:226,(anonymous_20)
FNF:12
FNH:12
FNDA:37,(anonymous_9)
FNDA:189,(anonymous_10)
FNDA:140,(anonymous_11)
FNDA:9,(anonymous_12)
FNDA:3,(anonymous_13)
FNDA:3,(anonymous_14)
FNDA:1,(anonymous_15)
FNDA:1,(anonymous_16)
FNDA:1,(anonymous_17)
FNDA:154,(anonymous_18)
FNDA:31,(anonymous_19)
FNDA:32,(anonymous_20)
DA:13,2
DA:33,2
DA:36,37
DA:37,37
DA:38,37
DA:41,37
DA:42,37
DA:51,189
DA:53,156
DA:54,156
DA:55,156
DA:59,33
DA:63,33
DA:65,2
DA:66,2
DA:72,31
DA:75,33
DA:86,140
DA:92,140
DA:95,140
DA:96,140
DA:99,140
DA:100,11
DA:103,140
DA:106,140
DA:116,9
DA:117,9
DA:118,9
DA:120,9
DA:128,3
DA:129,3
DA:138,3
DA:139,3
DA:143,3
DA:145,3
DA:152,1
DA:154,1
DA:155,1
DA:156,1
DA:158,1
DA:165,1
DA:167,1
DA:168,1
DA:169,1
DA:170,1
DA:172,1
DA:179,1
DA:180,1
DA:181,1
DA:188,154
DA:196,154
DA:204,31
DA:205,31
DA:210,31
DA:227,32
DA:228,32
DA:229,32
LF:57
LH:57
BRDA:51,0,0,156
BRDA:63,1,0,2
BRDA:63,1,1,31
BRDA:99,2,0,11
BRDA:127,3,0,1
BRF:5
BRH:5
end_of_record
TN:
SF:src\services\chatParticipantProvider.ts
FN:29,(anonymous_9)
FN:47,(anonymous_10)
FN:52,(anonymous_11)
FN:90,(anonymous_12)
FN:134,(anonymous_13)
FN:154,(anonymous_14)
FN:166,(anonymous_15)
FN:187,(anonymous_16)
FN:209,(anonymous_17)
FN:232,(anonymous_18)
FN:239,(anonymous_19)
FN:260,(anonymous_20)
FN:285,(anonymous_21)
FN:329,(anonymous_22)
FN:348,(anonymous_23)
FN:361,(anonymous_24)
FN:374,(anonymous_25)
FN:387,(anonymous_26)
FN:400,(anonymous_27)
FNF:19
FNH:17
FNDA:18,(anonymous_9)
FNDA:3,(anonymous_10)
FNDA:0,(anonymous_11)
FNDA:17,(anonymous_12)
FNDA:17,(anonymous_13)
FNDA:17,(anonymous_14)
FNDA:16,(anonymous_15)
FNDA:2,(anonymous_16)
FNDA:14,(anonymous_17)
FNDA:14,(anonymous_18)
FNDA:1,(anonymous_19)
FNDA:14,(anonymous_20)
FNDA:14,(anonymous_21)
FNDA:2,(anonymous_22)
FNDA:1,(anonymous_23)
FNDA:2,(anonymous_24)
FNDA:5,(anonymous_25)
FNDA:4,(anonymous_26)
FNDA:0,(anonymous_27)
DA:15,1
DA:20,1
DA:22,1
DA:36,18
DA:37,18
DA:38,18
DA:39,18
DA:40,18
DA:48,3
DA:50,3
DA:53,0
DA:58,0
DA:59,0
DA:62,0
DA:66,3
DA:68,2
DA:70,1
DA:71,1
DA:91,17
DA:93,17
DA:94,17
DA:97,17
DA:98,17
DA:101,17
DA:102,17
DA:105,16
DA:106,16
DA:107,16
DA:108,2
DA:109,2
DA:113,14
DA:114,14
DA:117,14
DA:118,14
DA:121,14
DA:122,14
DA:124,14
DA:125,14
DA:127,1
DA:135,17
DA:136,17
DA:138,1
DA:140,1
DA:155,17
DA:156,17
DA:158,1
DA:159,1
DA:167,16
DA:168,1
DA:174,15
DA:175,1
DA:181,14
DA:189,2
DA:195,2
DA:201,2
DA:203,2
DA:210,14
DA:211,14
DA:216,13
DA:221,1
DA:223,1
DA:233,14
DA:240,1
DA:242,1
DA:244,1
DA:262,14
DA:265,14
DA:270,14
DA:271,0
DA:276,14
DA:290,14
DA:295,14
DA:296,2
DA:297,2
DA:301,12
DA:303,1
DA:304,1
DA:306,2
DA:307,2
DA:309,5
DA:310,5
DA:312,4
DA:323,14
DA:334,2
DA:336,2
DA:337,2
DA:338,0
DA:339,0
DA:341,0
DA:349,1
DA:350,1
DA:351,0
DA:352,0
DA:354,0
DA:362,2
DA:363,1
DA:364,1
DA:365,1
DA:367,0
DA:375,5
DA:376,3
DA:377,2
DA:378,0
DA:380,2
DA:388,4
DA:389,4
DA:390,0
DA:391,0
DA:393,0
DA:401,0
LF:110
LH:93
BRDA:58,0,0,0
BRDA:107,1,0,2
BRDA:167,2,0,1
BRDA:174,3,0,1
BRDA:242,4,0,1
BRDA:242,4,1,0
BRDA:270,5,0,0
BRDA:295,6,0,2
BRDA:295,6,1,12
BRDA:295,7,0,14
BRDA:295,7,1,14
BRDA:301,8,0,1
BRDA:301,8,1,2
BRDA:301,8,2,5
BRDA:301,8,3,4
BRDA:336,9,0,2
BRDA:336,9,1,0
BRDA:338,10,0,0
BRDA:338,10,1,0
BRDA:349,11,0,1
BRDA:349,11,1,0
BRDA:351,12,0,0
BRDA:351,12,1,0
BRDA:362,13,0,1
BRDA:362,13,1,1
BRDA:364,14,0,1
BRDA:364,14,1,0
BRDA:375,15,0,3
BRDA:375,15,1,2
BRDA:377,16,0,0
BRDA:377,16,1,2
BRDA:388,17,0,4
BRDA:388,17,1,0
BRDA:390,18,0,0
BRDA:390,18,1,0
BRF:35
BRH:21
end_of_record
TN:
SF:src\storage\ConversationStorage.ts
FN:36,(anonymous_0)
FN:45,(anonymous_1)
FN:56,(anonymous_2)
FN:63,(anonymous_3)
FN:70,(anonymous_4)
FN:78,(anonymous_5)
FN:90,(anonymous_6)
FN:101,(anonymous_7)
FN:103,(anonymous_8)
FN:114,(anonymous_9)
FN:116,(anonymous_10)
FN:130,(anonymous_11)
FN:136,(anonymous_12)
FN:151,(anonymous_13)
FN:159,(anonymous_14)
FN:168,(anonymous_15)
FN:170,(anonymous_16)
FN:183,(anonymous_17)
FN:185,(anonymous_18)
FN:208,(anonymous_19)
FNF:20
FNH:19
FNDA:49,(anonymous_0)
FNDA:197,(anonymous_1)
FNDA:164,(anonymous_2)
FNDA:6,(anonymous_3)
FNDA:2,(anonymous_4)
FNDA:4,(anonymous_5)
FNDA:312,(anonymous_6)
FNDA:1,(anonymous_7)
FNDA:1,(anonymous_8)
FNDA:1,(anonymous_9)
FNDA:1,(anonymous_10)
FNDA:51,(anonymous_11)
FNDA:3,(anonymous_12)
FNDA:1,(anonymous_13)
FNDA:2,(anonymous_14)
FNDA:49,(anonymous_15)
FNDA:0,(anonymous_16)
FNDA:203,(anonymous_17)
FNDA:168,(anonymous_18)
FNDA:56,(anonymous_19)
DA:29,3
DA:32,49
DA:33,49
DA:34,49
DA:37,49
DA:38,49
DA:39,49
DA:47,197
DA:50,197
DA:57,164
DA:64,6
DA:71,2
DA:72,2
DA:80,4
DA:83,4
DA:84,4
DA:91,312
DA:95,312
DA:102,1
DA:103,1
DA:105,1
DA:106,1
DA:107,1
DA:115,1
DA:116,1
DA:117,1
DA:120,1
DA:121,1
DA:122,1
DA:131,51
DA:132,51
DA:133,51
DA:135,51
DA:136,3
DA:139,51
DA:141,51
DA:142,1
DA:145,51
DA:152,1
DA:153,1
DA:160,2
DA:161,2
DA:162,2
DA:169,49
DA:170,49
DA:172,49
DA:173,0
DA:177,49
DA:184,203
DA:185,203
DA:187,203
DA:194,203
DA:196,167
DA:199,36
DA:202,203
DA:209,56
DA:210,56
DA:211,56
LF:58
LH:57
BRDA:63,0,0,1
BRDA:105,1,0,1
BRDA:120,2,0,1
BRDA:141,3,0,1
BRDA:172,4,0,0
BRDA:190,5,0,167
BRDA:190,5,1,36
BRDA:194,6,0,167
BRDA:194,6,1,36
BRF:9
BRH:8
end_of_record
